
[2019-06-13 14:22:41] UTN FRA LOGGER.INFO: metodo=GET, URI=http%3A%2F%2Flocalhost%2FFull-API-REST-Skeleton%2Fpublic, RUTA=cd, autoridad=localhost [] {"uid":"cbdaafa"}
[2019-06-13 14:22:41] UTN FRA LOGGER.INFO: Slim-Skeleton '/' route [] {"uid":"cbdaafa"}
[2019-06-13 14:23:14] UTN FRA LOGGER.INFO: metodo=GET, URI=http%3A%2F%2Flocalhost%2FFull-API-REST-Skeleton%2Fpublic, RUTA=cd, autoridad=localhost [] {"uid":"51c39c8"}
[2019-06-13 14:23:14] UTN FRA LOGGER.INFO: Slim-Skeleton '/' route [] {"uid":"51c39c8"}
[2019-06-13 14:31:21] UTN FRA LOGGER.INFO: metodo=GET, URI=http%3A%2F%2Flocalhost%2FFull-API-REST-Skeleton%2Fpublic, RUTA=cd, autoridad=localhost [] {"uid":"8c0519b"}
[2019-06-13 14:31:21] UTN FRA LOGGER.INFO: Slim-Skeleton '/' route [] {"uid":"8c0519b"}
[2019-06-13 14:33:01] UTN FRA LOGGER.INFO: metodo=POST, URI=http%3A%2F%2Flocalhost%2FFull-API-REST-Skeleton%2Fpublic, RUTA=cd, autoridad=localhost [] {"uid":"0b2cd96"}
[2019-06-13 14:33:04] UTN FRA LOGGER.INFO: metodo=POST, URI=http%3A%2F%2Flocalhost%2FFull-API-REST-Skeleton%2Fpublic, RUTA=cd%2F, autoridad=localhost [] {"uid":"c6b9506"}
[2019-06-13 14:33:08] UTN FRA LOGGER.INFO: metodo=POST, URI=http%3A%2F%2Flocalhost%2FFull-API-REST-Skeleton%2Fpublic, RUTA=cd, autoridad=localhost [] {"uid":"be6a201"}
[2019-06-13 14:33:14] UTN FRA LOGGER.INFO: metodo=GET, URI=http%3A%2F%2Flocalhost%2FFull-API-REST-Skeleton%2Fpublic, RUTA=cd, autoridad=localhost [] {"uid":"c72b911"}
[2019-06-13 14:33:14] UTN FRA LOGGER.INFO: Slim-Skeleton '/' route [] {"uid":"c72b911"}
[2019-06-13 14:41:27] UTN FRA LOGGER.INFO: metodo=GET, URI=http%3A%2F%2Flocalhost%2FFull-API-REST-Skeleton%2Fpublic, RUTA=cd, autoridad=localhost [] {"uid":"a176d8c"}
[2019-06-13 14:41:27] UTN FRA LOGGER.INFO: Slim-Skeleton '/' route [] {"uid":"a176d8c"}
[2019-06-13 14:46:20] UTN FRA LOGGER.INFO: metodo=GET, URI=http%3A%2F%2Flocalhost%2FFull-API-REST-Skeleton%2Fpublic, RUTA=cd, autoridad=localhost [] {"uid":"ee35737"}
[2019-06-13 14:46:20] UTN FRA LOGGER.INFO: Slim-Skeleton '/' route [] {"uid":"ee35737"}
[2019-06-13 14:48:37] UTN FRA LOGGER.INFO: metodo=GET, URI=http%3A%2F%2Flocalhost%2FFull-API-REST-Skeleton%2Fpublic, RUTA=cd, autoridad=localhost [] {"uid":"abec998"}
[2019-06-13 14:48:37] UTN FRA LOGGER.INFO: Slim-Skeleton '/' route [] {"uid":"abec998"}
[2019-06-13 14:48:52] UTN FRA LOGGER.INFO: metodo=GET, URI=http%3A%2F%2Flocalhost%2FFull-API-REST-Skeleton%2Fpublic, RUTA=cd, autoridad=localhost [] {"uid":"8673393"}
[2019-06-13 14:48:52] UTN FRA LOGGER.INFO: Slim-Skeleton '/' route [] {"uid":"8673393"}
[2019-06-13 14:48:59] UTN FRA LOGGER.INFO: metodo=GET, URI=http%3A%2F%2Flocalhost%2FFull-API-REST-Skeleton%2Fpublic, RUTA=%2F, autoridad=localhost [] {"uid":"4ea4dca"}
[2019-06-13 14:48:59] UTN FRA LOGGER.INFO: Slim-Skeleton '/' route [] {"uid":"4ea4dca"}
[2019-06-13 14:50:13] UTN FRA LOGGER.INFO: metodo=GET, URI=http%3A%2F%2Flocalhost%2FFull-API-REST-Skeleton%2Fpublic, RUTA=cd, autoridad=localhost [] {"uid":"7226ecc"}
[2019-06-13 14:50:13] UTN FRA LOGGER.INFO: Slim-Skeleton '/' route [] {"uid":"7226ecc"}
[2019-06-13 14:51:49] UTN FRA LOGGER.INFO: metodo=GET, URI=http%3A%2F%2Flocalhost%2FFull-API-REST-Skeleton%2Fpublic, RUTA=cd, autoridad=localhost [] {"uid":"436b3d9"}
[2019-06-13 14:51:49] UTN FRA LOGGER.INFO: Slim-Skeleton '/' route [] {"uid":"436b3d9"}
[2019-06-13 14:52:04] UTN FRA LOGGER.INFO: metodo=GET, URI=http%3A%2F%2Flocalhost%2FFull-API-REST-Skeleton%2Fpublic, RUTA=cdsadsad, autoridad=localhost [] {"uid":"1d5953a"}
[2019-06-13 14:52:04] UTN FRA LOGGER.INFO: Slim-Skeleton '/' route [] {"uid":"1d5953a"}
[2019-06-13 14:52:24] UTN FRA LOGGER.INFO: metodo=GET, URI=http%3A%2F%2Flocalhost%2FFull-API-REST-Skeleton%2Fpublic, RUTA=cdsadsad, autoridad=localhost [] {"uid":"e59d193"}
[2019-06-13 14:52:24] UTN FRA LOGGER.INFO: Slim-Skeleton '/' route [] {"uid":"e59d193"}
[2019-06-13 14:52:34] UTN FRA LOGGER.INFO: metodo=GET, URI=http%3A%2F%2Flocalhost%2FFull-API-REST-Skeleton%2Fpublic, RUTA=cddasasd, autoridad=localhost [] {"uid":"04a9747"}
[2019-06-13 14:52:34] UTN FRA LOGGER.INFO: Slim-Skeleton '/' route [] {"uid":"04a9747"}
[2019-06-13 14:54:41] UTN FRA LOGGER.INFO: metodo=GET, URI=http%3A%2F%2Flocalhost%2FFull-API-REST-Skeleton%2Fpublic, RUTA=cd, autoridad=localhost [] {"uid":"f107aba"}
[2019-06-13 14:54:41] UTN FRA LOGGER.INFO: Slim-Skeleton '/' route [] {"uid":"f107aba"}
[2019-06-13 15:40:36] UTN FRA LOGGER.INFO: metodo=GET, URI=http%3A%2F%2Flocalhost%2FFull-API-REST-Skeleton%2Fpublic, RUTA=cd, autoridad=localhost [] {"uid":"ef8c25a"}
[2019-06-13 15:40:36] UTN FRA LOGGER.INFO: Slim-Skeleton '/' route [] {"uid":"ef8c25a"}
[2019-06-13 15:40:42] UTN FRA LOGGER.INFO: metodo=GET, URI=http%3A%2F%2Flocalhost%2FFull-API-REST-Skeleton%2Fpublic, RUTA=JWT%2F, autoridad=localhost [] {"uid":"357fab5"}
[2019-06-13 15:41:29] UTN FRA LOGGER.INFO: metodo=GET, URI=http%3A%2F%2Flocalhost%2FFull-API-REST-Skeleton%2Fpublic, RUTA=JWT%2F, autoridad=localhost [] {"uid":"3f334b7"}
[2019-06-13 15:42:30] UTN FRA LOGGER.INFO: metodo=GET, URI=http%3A%2F%2Flocalhost%2FFull-API-REST-Skeleton%2Fpublic, RUTA=JWT%2F, autoridad=localhost [] {"uid":"f77f1dc"}
[2019-06-13 15:45:52] UTN FRA LOGGER.INFO: metodo=GET, URI=http%3A%2F%2Flocalhost%2FFull-API-REST-Skeleton%2Fpublic, RUTA=JWT%2F, autoridad=localhost [] {"uid":"ebede7d"}
[2019-06-13 15:46:48] UTN FRA LOGGER.INFO: metodo=GET, URI=http%3A%2F%2Flocalhost%2FFull-API-REST-Skeleton%2Fpublic, RUTA=JWT%2F, autoridad=localhost [] {"uid":"0ecbf97"}
[2019-06-13 15:46:49] UTN FRA LOGGER.INFO: metodo=GET, URI=http%3A%2F%2Flocalhost%2FFull-API-REST-Skeleton%2Fpublic, RUTA=JWT%2F, autoridad=localhost [] {"uid":"282c134"}
[2019-06-13 15:46:50] UTN FRA LOGGER.INFO: metodo=GET, URI=http%3A%2F%2Flocalhost%2FFull-API-REST-Skeleton%2Fpublic, RUTA=JWT%2F, autoridad=localhost [] {"uid":"3c95600"}
[2019-06-13 15:47:05] UTN FRA LOGGER.INFO: metodo=GET, URI=http%3A%2F%2Flocalhost%2FFull-API-REST-Skeleton%2Fpublic, RUTA=JWT%2F, autoridad=localhost [] {"uid":"c621b16"}
[2019-06-13 15:47:10] UTN FRA LOGGER.INFO: metodo=GET, URI=http%3A%2F%2Flocalhost%2FFull-API-REST-Skeleton%2Fpublic, RUTA=cd, autoridad=localhost [] {"uid":"bf6f035"}
[2019-06-13 15:47:10] UTN FRA LOGGER.INFO: Slim-Skeleton '/' route [] {"uid":"bf6f035"}
[2019-06-13 15:47:16] UTN FRA LOGGER.INFO: metodo=GET, URI=http%3A%2F%2Flocalhost%2FFull-API-REST-Skeleton%2Fpublic, RUTA=JWT%2F, autoridad=localhost [] {"uid":"cfac656"}
[2019-06-13 15:47:52] UTN FRA LOGGER.INFO: metodo=GET, URI=http%3A%2F%2Flocalhost%2FFull-API-REST-Skeleton%2Fpublic, RUTA=JWT%2F, autoridad=localhost [] {"uid":"e14969e"}
[2019-06-13 15:47:55] UTN FRA LOGGER.INFO: metodo=GET, URI=http%3A%2F%2Flocalhost%2FFull-API-REST-Skeleton%2Fpublic, RUTA=JWT, autoridad=localhost [] {"uid":"6b74752"}
[2019-06-13 15:47:55] UTN FRA LOGGER.INFO: Slim-Skeleton '/' route [] {"uid":"6b74752"}
[2019-06-13 15:48:12] UTN FRA LOGGER.INFO: metodo=GET, URI=http%3A%2F%2Flocalhost%2FFull-API-REST-Skeleton%2Fpublic, RUTA=JWT%2FcrearToken, autoridad=localhost [] {"uid":"4d4a878"}
[2019-06-13 15:48:15] UTN FRA LOGGER.INFO: metodo=GET, URI=http%3A%2F%2Flocalhost%2FFull-API-REST-Skeleton%2Fpublic, RUTA=JWT%2FcrearToken%2F, autoridad=localhost [] {"uid":"85c7bd2"}
[2019-06-13 15:50:55] UTN FRA LOGGER.INFO: metodo=GET, URI=http%3A%2F%2Flocalhost%2FFull-API-REST-Skeleton%2Fpublic, RUTA=JWT%2F, autoridad=localhost [] {"uid":"809f0d9"}
[2019-06-13 15:51:28] UTN FRA LOGGER.INFO: metodo=GET, URI=http%3A%2F%2Flocalhost%2FFull-API-REST-Skeleton%2Fpublic, RUTA=JWT%2FdevolverPayLoad, autoridad=localhost [] {"uid":"c4c1acb"}
[2019-06-13 15:51:33] UTN FRA LOGGER.INFO: metodo=GET, URI=http%3A%2F%2Flocalhost%2FFull-API-REST-Skeleton%2Fpublic, RUTA=JWT%2FdevolverPayLoad%2F, autoridad=localhost [] {"uid":"b2bb375"}
[2019-06-13 15:53:23] UTN FRA LOGGER.INFO: metodo=GET, URI=http%3A%2F%2Flocalhost%2FFull-API-REST-Skeleton%2Fpublic, RUTA=JWT%2FdevolverPayLoad%2F, autoridad=localhost [] {"uid":"4be0464"}
[2019-06-13 15:53:26] UTN FRA LOGGER.INFO: metodo=GET, URI=http%3A%2F%2Flocalhost%2FFull-API-REST-Skeleton%2Fpublic, RUTA=JWT%2FdevolverPayLoad%2F, autoridad=localhost [] {"uid":"d345f1e"}
[2019-06-13 15:54:00] UTN FRA LOGGER.INFO: metodo=GET, URI=http%3A%2F%2Flocalhost%2FFull-API-REST-Skeleton%2Fpublic, RUTA=JWT%2FdevolverPayLoad%2F, autoridad=localhost [] {"uid":"914db4e"}
[2019-06-13 15:54:01] UTN FRA LOGGER.INFO: metodo=GET, URI=http%3A%2F%2Flocalhost%2FFull-API-REST-Skeleton%2Fpublic, RUTA=JWT%2FdevolverPayLoad%2F, autoridad=localhost [] {"uid":"d8926fc"}
[2019-06-13 15:54:01] UTN FRA LOGGER.INFO: metodo=GET, URI=http%3A%2F%2Flocalhost%2FFull-API-REST-Skeleton%2Fpublic, RUTA=JWT%2FdevolverPayLoad%2F, autoridad=localhost [] {"uid":"e6913b2"}
[2019-06-13 15:54:01] UTN FRA LOGGER.INFO: metodo=GET, URI=http%3A%2F%2Flocalhost%2FFull-API-REST-Skeleton%2Fpublic, RUTA=JWT%2FdevolverPayLoad%2F, autoridad=localhost [] {"uid":"eb07b32"}
[2019-06-13 15:54:01] UTN FRA LOGGER.INFO: metodo=GET, URI=http%3A%2F%2Flocalhost%2FFull-API-REST-Skeleton%2Fpublic, RUTA=JWT%2FdevolverPayLoad%2F, autoridad=localhost [] {"uid":"5283686"}
[2019-06-13 15:54:02] UTN FRA LOGGER.INFO: metodo=GET, URI=http%3A%2F%2Flocalhost%2FFull-API-REST-Skeleton%2Fpublic, RUTA=JWT%2FdevolverPayLoad%2F, autoridad=localhost [] {"uid":"14a954e"}
[2019-06-13 15:54:02] UTN FRA LOGGER.INFO: metodo=GET, URI=http%3A%2F%2Flocalhost%2FFull-API-REST-Skeleton%2Fpublic, RUTA=JWT%2FdevolverPayLoad%2F, autoridad=localhost [] {"uid":"904e4eb"}
[2019-06-13 15:54:29] UTN FRA LOGGER.INFO: metodo=GET, URI=http%3A%2F%2Flocalhost%2FFull-API-REST-Skeleton%2Fpublic, RUTA=JWT%2FdevolverPayLoad%2F, autoridad=localhost [] {"uid":"6aa5ecf"}
[2019-06-13 15:54:53] UTN FRA LOGGER.INFO: metodo=GET, URI=http%3A%2F%2Flocalhost%2FFull-API-REST-Skeleton%2Fpublic, RUTA=JWT%2FdevolverPayLoad%2F, autoridad=localhost [] {"uid":"8a18527"}
[2019-06-13 16:14:20] UTN FRA LOGGER.INFO: metodo=GET, URI=http%3A%2F%2Flocalhost%2FFull-API-REST-Skeleton%2Fpublic, RUTA=JWT%2F, autoridad=localhost [] {"uid":"55a4605"}
[2019-06-13 16:14:25] UTN FRA LOGGER.INFO: metodo=POST, URI=http%3A%2F%2Flocalhost%2FFull-API-REST-Skeleton%2Fpublic, RUTA=JWT%2F, autoridad=localhost [] {"uid":"f981075"}
[2019-06-13 16:16:52] UTN FRA LOGGER.INFO: metodo=POST, URI=http%3A%2F%2Flocalhost%2FFull-API-REST-Skeleton%2Fpublic, RUTA=JWT%2F, autoridad=localhost [] {"uid":"46748bf"}
[2019-06-13 16:16:56] UTN FRA LOGGER.INFO: metodo=POST, URI=http%3A%2F%2Flocalhost%2FFull-API-REST-Skeleton%2Fpublic, RUTA=JWT%2F, autoridad=localhost [] {"uid":"0caf1e0"}
[2019-06-13 16:17:07] UTN FRA LOGGER.INFO: metodo=GET, URI=http%3A%2F%2Flocalhost%2FFull-API-REST-Skeleton%2Fpublic, RUTA=JWT%2F, autoridad=localhost [] {"uid":"6dd0ab4"}
[2019-06-13 16:19:09] UTN FRA LOGGER.INFO: metodo=GET, URI=http%3A%2F%2Flocalhost%2FFull-API-REST-Skeleton%2Fpublic, RUTA=JWT%2F, autoridad=localhost [] {"uid":"37dd024"}
[2019-06-13 16:19:58] UTN FRA LOGGER.INFO: metodo=GET, URI=http%3A%2F%2Flocalhost%2FFull-API-REST-Skeleton%2Fpublic, RUTA=JWT%2F, autoridad=localhost [] {"uid":"b69d6ce"}
[2019-06-13 16:20:00] UTN FRA LOGGER.INFO: metodo=GET, URI=http%3A%2F%2Flocalhost%2FFull-API-REST-Skeleton%2Fpublic, RUTA=JWT%2F, autoridad=localhost [] {"uid":"681fbe6"}
[2019-06-13 16:20:32] UTN FRA LOGGER.INFO: metodo=GET, URI=http%3A%2F%2Flocalhost%2FFull-API-REST-Skeleton%2Fpublic, RUTA=JWT%2F, autoridad=localhost [] {"uid":"1ef71a1"}
[2019-06-13 16:20:40] UTN FRA LOGGER.INFO: metodo=GET, URI=http%3A%2F%2Flocalhost%2FFull-API-REST-Skeleton%2Fpublic, RUTA=JWT%2F, autoridad=localhost [] {"uid":"9dfad57"}
[2019-11-05 01:56:13] UTN FRA LOGGER.INFO: metodo=GET, URI=http%3A%2F%2Flocalhost%2FFull-API-REST-Skeleton%2Fpublic, RUTA=%2F, autoridad=localhost [] {"uid":"7446ed1"}
[2019-11-05 01:56:13] UTN FRA LOGGER.INFO: Slim-Skeleton '/' route [] {"uid":"7446ed1"}
[2019-11-05 01:56:18] UTN FRA LOGGER.INFO: metodo=GET, URI=http%3A%2F%2Flocalhost%2FFull-API-REST-Skeleton%2Fpublic, RUTA=fede, autoridad=localhost [] {"uid":"3dd47cb"}
[2019-11-05 01:56:18] UTN FRA LOGGER.INFO: Slim-Skeleton '/' route [] {"uid":"3dd47cb"}
[2019-11-05 02:08:30] UTN FRA LOGGER.INFO: metodo=GET, URI=http%3A%2F%2Flocalhost%2FFull-API-REST-Skeleton%2Fpublic, RUTA=cdPDO%2F, autoridad=localhost [] {"uid":"ef9f693"}
[2019-11-05 02:08:53] UTN FRA LOGGER.INFO: metodo=GET, URI=http%3A%2F%2Flocalhost%2FFull-API-REST-Skeleton%2Fpublic, RUTA=cdPDO%2F, autoridad=localhost [] {"uid":"9628ea1"}
[2019-11-05 02:10:37] UTN FRA LOGGER.INFO: metodo=GET, URI=http%3A%2F%2Flocalhost%2FFull-API-REST-Skeleton%2Fpublic, RUTA=cdORM%2F, autoridad=localhost [] {"uid":"cbe1998"}
[2019-11-05 14:23:46] UTN FRA LOGGER.INFO: metodo=GET, URI=http%3A%2F%2Flocalhost%2FFull-API-REST-Skeleton%2Fpublic, RUTA=cdORM%2F, autoridad=localhost [] {"uid":"88142b1"}
[2019-11-05 14:35:58] UTN FRA LOGGER.INFO: metodo=GET, URI=http%3A%2F%2Flocalhost%2FFull-API-REST-Skeleton%2Fpublic, RUTA=cdORM%2F, autoridad=localhost [] {"uid":"c3a3d98"}
[2019-11-05 14:36:50] UTN FRA LOGGER.INFO: metodo=GET, URI=http%3A%2F%2Flocalhost%2FFull-API-REST-Skeleton%2Fpublic, RUTA=cdORM%2F, autoridad=localhost [] {"uid":"8be5c72"}
[2019-11-05 14:39:03] UTN FRA LOGGER.INFO: metodo=GET, URI=http%3A%2F%2Flocalhost%2FFull-API-REST-Skeleton%2Fpublic, RUTA=cdORM%2F, autoridad=localhost [] {"uid":"252ac5a"}
[2019-11-05 14:40:25] UTN FRA LOGGER.INFO: metodo=GET, URI=http%3A%2F%2Flocalhost%2FFull-API-REST-Skeleton%2Fpublic, RUTA=cdORM%2F, autoridad=localhost [] {"uid":"79113ee"}
[2019-11-05 14:43:48] UTN FRA LOGGER.INFO: metodo=GET, URI=http%3A%2F%2Flocalhost%2FFull-API-REST-Skeleton%2Fpublic, RUTA=cdORM%2F, autoridad=localhost [] {"uid":"1c159dd"}
[2019-11-05 14:51:17] UTN FRA LOGGER.INFO: metodo=GET, URI=http%3A%2F%2Flocalhost%2FFull-API-REST-Skeleton%2Fpublic, RUTA=fede, autoridad=localhost [] {"uid":"fec1f92"}
[2019-11-05 14:51:17] UTN FRA LOGGER.INFO: Slim-Skeleton '/' route [] {"uid":"fec1f92"}
[2019-11-05 14:53:23] UTN FRA LOGGER.INFO: metodo=GET, URI=http%3A%2F%2Flocalhost%2FFull-API-REST-Skeleton%2Fpublic, RUTA=cdORM%2F, autoridad=localhost [] {"uid":"52a62b1"}
[2019-11-05 14:54:51] UTN FRA LOGGER.INFO: metodo=GET, URI=http%3A%2F%2Flocalhost%2FFull-API-REST-Skeleton%2Fpublic, RUTA=cdORM%2F, autoridad=localhost [] {"uid":"9c83a8e"}
[2019-11-05 14:59:47] UTN FRA LOGGER.INFO: metodo=GET, URI=http%3A%2F%2Flocalhost%2FFull-API-REST-Skeleton%2Fpublic, RUTA=cdORM%2F, autoridad=localhost [] {"uid":"7cb1347"}
[2019-11-05 15:07:31] UTN FRA LOGGER.INFO: metodo=GET, URI=http%3A%2F%2Flocalhost%2FFull-API-REST-Skeleton%2Fpublic, RUTA=cdORM%2F, autoridad=localhost [] {"uid":"29d3e36"}
[2019-11-05 15:07:49] UTN FRA LOGGER.INFO: metodo=GET, URI=http%3A%2F%2Flocalhost%2FFull-API-REST-Skeleton%2Fpublic, RUTA=cdORM%2F, autoridad=localhost [] {"uid":"7360d61"}
[2019-11-05 15:10:47] UTN FRA LOGGER.INFO: metodo=GET, URI=http%3A%2F%2Flocalhost%2FFull-API-REST-Skeleton%2Fpublic, RUTA=cdORM%2F, autoridad=localhost [] {"uid":"5c1df54"}
[2019-11-05 15:11:03] UTN FRA LOGGER.INFO: metodo=GET, URI=http%3A%2F%2Flocalhost%2FFull-API-REST-Skeleton%2Fpublic, RUTA=cdORM%2F, autoridad=localhost [] {"uid":"0af5daf"}
[2019-11-05 15:11:17] UTN FRA LOGGER.INFO: metodo=GET, URI=http%3A%2F%2Flocalhost%2FFull-API-REST-Skeleton%2Fpublic, RUTA=cdORM%2F, autoridad=localhost [] {"uid":"7853ac1"}
[2019-11-05 15:14:06] UTN FRA LOGGER.INFO: metodo=GET, URI=http%3A%2F%2Flocalhost%2FFull-API-REST-Skeleton%2Fpublic, RUTA=cdORM%2F, autoridad=localhost [] {"uid":"c5c6074"}
[2019-11-05 15:15:02] UTN FRA LOGGER.INFO: metodo=GET, URI=http%3A%2F%2Flocalhost%2FFull-API-REST-Skeleton%2Fpublic, RUTA=cdORM%2F, autoridad=localhost [] {"uid":"58e05e2"}
[2019-11-05 15:16:19] UTN FRA LOGGER.INFO: metodo=GET, URI=http%3A%2F%2Flocalhost%2FFull-API-REST-Skeleton%2Fpublic, RUTA=cdORM%2F, autoridad=localhost [] {"uid":"01a4b5d"}
[2019-11-05 15:17:52] UTN FRA LOGGER.INFO: metodo=GET, URI=http%3A%2F%2Flocalhost%2FFull-API-REST-Skeleton%2Fpublic, RUTA=cdORM%2F, autoridad=localhost [] {"uid":"51d8816"}
[2019-11-05 15:20:00] UTN FRA LOGGER.INFO: metodo=GET, URI=http%3A%2F%2Flocalhost%2FFull-API-REST-Skeleton%2Fpublic, RUTA=cdORM%2F, autoridad=localhost [] {"uid":"6d19800"}
[2019-11-05 15:20:45] UTN FRA LOGGER.INFO: metodo=GET, URI=http%3A%2F%2Flocalhost%2FFull-API-REST-Skeleton%2Fpublic, RUTA=cdORM%2F, autoridad=localhost [] {"uid":"5b5ce9f"}
[2019-11-05 19:01:55] UTN FRA LOGGER.INFO: metodo=GET, URI=http%3A%2F%2Flocalhost%2FFull-API-REST-Skeleton%2Fpublic, RUTA=cdORM%2F, autoridad=localhost [] {"uid":"226cae1"}
[2019-11-05 19:02:30] UTN FRA LOGGER.INFO: metodo=GET, URI=http%3A%2F%2Flocalhost%2FFull-API-REST-Skeleton%2Fpublic, RUTA=cdORM%2F, autoridad=localhost [] {"uid":"4965765"}
[2019-11-05 19:05:57] UTN FRA LOGGER.INFO: metodo=GET, URI=http%3A%2F%2Flocalhost%2FFull-API-REST-Skeleton%2Fpublic, RUTA=cdORM%2F, autoridad=localhost [] {"uid":"3188c51"}
[2019-11-05 19:50:56] UTN FRA LOGGER.INFO: metodo=POST, URI=http%3A%2F%2Flocalhost%2FFull-API-REST-Skeleton%2Fpublic, RUTA=altas%2Fusuario, autoridad=localhost [] {"uid":"84fea97"}
[2019-11-05 19:53:14] UTN FRA LOGGER.INFO: metodo=POST, URI=http%3A%2F%2Flocalhost%2FFull-API-REST-Skeleton%2Fpublic, RUTA=altas%2Fusuario, autoridad=localhost [] {"uid":"2684d34"}
[2019-11-05 19:53:53] UTN FRA LOGGER.INFO: metodo=GET, URI=http%3A%2F%2Flocalhost%2FFull-API-REST-Skeleton%2Fpublic, RUTA=cdORM%2F, autoridad=localhost [] {"uid":"25d3a80"}
[2019-11-05 19:54:19] UTN FRA LOGGER.INFO: metodo=GET, URI=http%3A%2F%2Flocalhost%2FFull-API-REST-Skeleton%2Fpublic, RUTA=cdORM%2F, autoridad=localhost [] {"uid":"3194cab"}
[2019-11-05 19:54:48] UTN FRA LOGGER.INFO: metodo=POST, URI=http%3A%2F%2Flocalhost%2FFull-API-REST-Skeleton%2Fpublic, RUTA=altas%2Fusuario, autoridad=localhost [] {"uid":"1f37d1e"}
[2019-11-05 19:55:02] UTN FRA LOGGER.INFO: metodo=POST, URI=http%3A%2F%2Flocalhost%2FFull-API-REST-Skeleton%2Fpublic, RUTA=altas%2Fusuarios, autoridad=localhost [] {"uid":"4a6eff4"}
[2019-11-05 19:55:15] UTN FRA LOGGER.INFO: metodo=POST, URI=http%3A%2F%2Flocalhost%2FFull-API-REST-Skeleton%2Fpublic, RUTA=altas%2Fusuarios, autoridad=localhost [] {"uid":"4f22973"}
[2019-11-05 19:55:44] UTN FRA LOGGER.INFO: metodo=POST, URI=http%3A%2F%2Flocalhost%2FFull-API-REST-Skeleton%2Fpublic, RUTA=altas%2Fusuarios, autoridad=localhost [] {"uid":"6d5b205"}
[2019-11-05 19:59:29] UTN FRA LOGGER.INFO: metodo=POST, URI=http%3A%2F%2Flocalhost%2FFull-API-REST-Skeleton%2Fpublic, RUTA=altas%2Fusuario, autoridad=localhost [] {"uid":"ce2e589"}
[2019-11-05 19:59:44] UTN FRA LOGGER.INFO: metodo=POST, URI=http%3A%2F%2Flocalhost%2FFull-API-REST-Skeleton%2Fpublic, RUTA=altas%2Fusuario, autoridad=localhost [] {"uid":"5878a33"}
[2019-11-05 20:00:03] UTN FRA LOGGER.INFO: metodo=POST, URI=http%3A%2F%2Flocalhost%2FFull-API-REST-Skeleton%2Fpublic, RUTA=altas%2Fusuario, autoridad=localhost [] {"uid":"f7edc9b"}
[2019-11-05 20:00:45] UTN FRA LOGGER.INFO: metodo=POST, URI=http%3A%2F%2Flocalhost%2FFull-API-REST-Skeleton%2Fpublic, RUTA=altas%2Fusuario, autoridad=localhost [] {"uid":"1b5bb5a"}
[2019-11-05 20:01:54] UTN FRA LOGGER.INFO: metodo=POST, URI=http%3A%2F%2Flocalhost%2FFull-API-REST-Skeleton%2Fpublic, RUTA=altas%2Fusuario, autoridad=localhost [] {"uid":"d79e5bd"}
[2019-11-05 20:02:36] UTN FRA LOGGER.INFO: metodo=POST, URI=http%3A%2F%2Flocalhost%2FFull-API-REST-Skeleton%2Fpublic, RUTA=altas%2Fusuario, autoridad=localhost [] {"uid":"a996f55"}
[2019-11-05 20:02:55] UTN FRA LOGGER.INFO: metodo=POST, URI=http%3A%2F%2Flocalhost%2FFull-API-REST-Skeleton%2Fpublic, RUTA=altas%2Fusuario, autoridad=localhost [] {"uid":"18bd13f"}
[2019-11-05 20:03:52] UTN FRA LOGGER.INFO: metodo=POST, URI=http%3A%2F%2Flocalhost%2FFull-API-REST-Skeleton%2Fpublic, RUTA=altas%2Fusuario, autoridad=localhost [] {"uid":"7dcb85d"}
[2019-11-05 20:06:59] UTN FRA LOGGER.INFO: metodo=POST, URI=http%3A%2F%2Flocalhost%2FFull-API-REST-Skeleton%2Fpublic, RUTA=altas%2Fusuario, autoridad=localhost [] {"uid":"621860e"}
[2019-11-05 20:07:08] UTN FRA LOGGER.INFO: metodo=POST, URI=http%3A%2F%2Flocalhost%2FFull-API-REST-Skeleton%2Fpublic, RUTA=altas%2Fusuario, autoridad=localhost [] {"uid":"0222deb"}
[2019-11-05 20:08:27] UTN FRA LOGGER.INFO: metodo=POST, URI=http%3A%2F%2Flocalhost%2FFull-API-REST-Skeleton%2Fpublic, RUTA=altas%2Fusuario, autoridad=localhost [] {"uid":"19edfe6"}
[2019-11-05 20:08:47] UTN FRA LOGGER.INFO: metodo=POST, URI=http%3A%2F%2Flocalhost%2FFull-API-REST-Skeleton%2Fpublic, RUTA=altas%2Fusuario, autoridad=localhost [] {"uid":"d1ad9ee"}
[2019-11-05 20:11:30] UTN FRA LOGGER.INFO: metodo=POST, URI=http%3A%2F%2Flocalhost%2FFull-API-REST-Skeleton%2Fpublic, RUTA=altas%2Fusuario, autoridad=localhost [] {"uid":"6bc056b"}
[2019-11-05 20:55:54] UTN FRA LOGGER.INFO: metodo=POST, URI=http%3A%2F%2Flocalhost%2FFull-API-REST-Skeleton%2Fpublic, RUTA=altas%2Fusuario, autoridad=localhost [] {"uid":"6734464"}
[2019-11-05 20:57:04] UTN FRA LOGGER.INFO: metodo=POST, URI=http%3A%2F%2Flocalhost%2FFull-API-REST-Skeleton%2Fpublic, RUTA=altas%2Fusuario, autoridad=localhost [] {"uid":"1c14403"}
[2019-11-05 20:57:40] UTN FRA LOGGER.INFO: metodo=POST, URI=http%3A%2F%2Flocalhost%2FFull-API-REST-Skeleton%2Fpublic, RUTA=altas%2Fusuario, autoridad=localhost [] {"uid":"b658921"}
[2019-11-05 21:09:57] UTN FRA LOGGER.INFO: metodo=POST, URI=http%3A%2F%2Flocalhost%2FFull-API-REST-Skeleton%2Fpublic, RUTA=altas%2Fusuario, autoridad=localhost [] {"uid":"e661d0e"}
[2019-11-05 21:10:22] UTN FRA LOGGER.INFO: metodo=POST, URI=http%3A%2F%2Flocalhost%2FFull-API-REST-Skeleton%2Fpublic, RUTA=altas%2Fusuario, autoridad=localhost [] {"uid":"f308c9a"}
[2019-11-05 21:10:51] UTN FRA LOGGER.INFO: metodo=POST, URI=http%3A%2F%2Flocalhost%2FFull-API-REST-Skeleton%2Fpublic, RUTA=altas%2Fusuario, autoridad=localhost [] {"uid":"8b9d76c"}
[2019-11-05 21:11:27] UTN FRA LOGGER.INFO: metodo=POST, URI=http%3A%2F%2Flocalhost%2FFull-API-REST-Skeleton%2Fpublic, RUTA=altas%2Fusuario, autoridad=localhost [] {"uid":"3b13f96"}
[2019-11-07 17:24:44] UTN FRA LOGGER.INFO: metodo=POST, URI=http%3A%2F%2Flocalhost%2FFull-API-REST-Skeleton%2Fpublic, RUTA=altas%2Fusuario, autoridad=localhost [] {"uid":"09b9bec"}
[2019-11-07 17:26:07] UTN FRA LOGGER.INFO: metodo=POST, URI=http%3A%2F%2Flocalhost%2FFull-API-REST-Skeleton%2Fpublic, RUTA=altas%2Fusuario, autoridad=localhost [] {"uid":"493c92d"}
[2019-11-07 17:27:49] UTN FRA LOGGER.INFO: metodo=POST, URI=http%3A%2F%2Flocalhost%2FFull-API-REST-Skeleton%2Fpublic, RUTA=altas%2Fusuario, autoridad=localhost [] {"uid":"d7ac6ea"}
[2019-11-07 17:30:23] UTN FRA LOGGER.INFO: metodo=POST, URI=http%3A%2F%2Flocalhost%2FFull-API-REST-Skeleton%2Fpublic, RUTA=altas%2Fusuario, autoridad=localhost [] {"uid":"cbfb772"}
[2019-11-07 17:31:12] UTN FRA LOGGER.INFO: metodo=POST, URI=http%3A%2F%2Flocalhost%2FFull-API-REST-Skeleton%2Fpublic, RUTA=altas%2Fusuario, autoridad=localhost [] {"uid":"63abc94"}
[2019-11-07 17:31:58] UTN FRA LOGGER.INFO: metodo=POST, URI=http%3A%2F%2Flocalhost%2FFull-API-REST-Skeleton%2Fpublic, RUTA=altas%2Fusuario, autoridad=localhost [] {"uid":"374ad6d"}
[2019-11-07 17:33:35] UTN FRA LOGGER.INFO: metodo=POST, URI=http%3A%2F%2Flocalhost%2FFull-API-REST-Skeleton%2Fpublic, RUTA=altas%2Fusuario, autoridad=localhost [] {"uid":"6513dcc"}
[2019-11-07 17:34:05] UTN FRA LOGGER.INFO: metodo=POST, URI=http%3A%2F%2Flocalhost%2FFull-API-REST-Skeleton%2Fpublic, RUTA=altas%2Fusuario, autoridad=localhost [] {"uid":"d289263"}
[2019-11-07 17:34:58] UTN FRA LOGGER.INFO: metodo=POST, URI=http%3A%2F%2Flocalhost%2FFull-API-REST-Skeleton%2Fpublic, RUTA=altas%2Fusuario, autoridad=localhost [] {"uid":"0b55c3b"}
[2019-11-07 17:35:15] UTN FRA LOGGER.INFO: metodo=POST, URI=http%3A%2F%2Flocalhost%2FFull-API-REST-Skeleton%2Fpublic, RUTA=altas%2Fusuario, autoridad=localhost [] {"uid":"c013098"}
[2019-11-07 17:35:50] UTN FRA LOGGER.INFO: metodo=POST, URI=http%3A%2F%2Flocalhost%2FFull-API-REST-Skeleton%2Fpublic, RUTA=altas%2Fusuario, autoridad=localhost [] {"uid":"5926ce3"}
[2019-11-07 17:36:06] UTN FRA LOGGER.INFO: metodo=POST, URI=http%3A%2F%2Flocalhost%2FFull-API-REST-Skeleton%2Fpublic, RUTA=altas%2Fusuario, autoridad=localhost [] {"uid":"abeca31"}
[2019-11-07 17:42:22] UTN FRA LOGGER.INFO: metodo=POST, URI=http%3A%2F%2Flocalhost%2FFull-API-REST-Skeleton%2Fpublic, RUTA=usuarios%2Faltas, autoridad=localhost [] {"uid":"802fa2d"}
[2019-11-07 17:46:17] UTN FRA LOGGER.INFO: metodo=POST, URI=http%3A%2F%2Flocalhost%2FFull-API-REST-Skeleton%2Fpublic, RUTA=usuarios%2Faltas, autoridad=localhost [] {"uid":"ec488c3"}
[2019-11-07 17:59:48] UTN FRA LOGGER.INFO: metodo=GET, URI=http%3A%2F%2Flocalhost%2FFull-API-REST-Skeleton%2Fpublic, RUTA=usuarios%2Ftoken, autoridad=localhost [] {"uid":"ce111ee"}
[2019-11-07 18:00:17] UTN FRA LOGGER.INFO: metodo=GET, URI=http%3A%2F%2Flocalhost%2FFull-API-REST-Skeleton%2Fpublic, RUTA=usuarios%2Ftoken, autoridad=localhost [] {"uid":"b489b87"}
[2019-11-07 18:01:45] UTN FRA LOGGER.INFO: metodo=GET, URI=http%3A%2F%2Flocalhost%2FFull-API-REST-Skeleton%2Fpublic, RUTA=usuarios%2Ftoken, autoridad=localhost [] {"uid":"178c186"}
[2019-11-07 18:04:36] UTN FRA LOGGER.INFO: metodo=GET, URI=http%3A%2F%2Flocalhost%2FFull-API-REST-Skeleton%2Fpublic, RUTA=JWT%2Fcreartoken, autoridad=localhost [] {"uid":"2e2927b"}
[2019-11-07 18:04:52] UTN FRA LOGGER.INFO: metodo=GET, URI=http%3A%2F%2Flocalhost%2FFull-API-REST-Skeleton%2Fpublic, RUTA=JWT%2FcrearToken, autoridad=localhost [] {"uid":"55f2c9c"}
[2019-11-07 18:17:45] UTN FRA LOGGER.INFO: metodo=POST, URI=http%3A%2F%2Flocalhost%2FFull-API-REST-Skeleton%2Fpublic, RUTA=usuarios%2Fmostrar, autoridad=localhost [] {"uid":"733169c"}
[2019-11-07 18:18:10] UTN FRA LOGGER.INFO: metodo=GET, URI=http%3A%2F%2Flocalhost%2FFull-API-REST-Skeleton%2Fpublic, RUTA=usuarios%2Fmostrar, autoridad=localhost [] {"uid":"55ae522"}
[2019-11-07 18:18:29] UTN FRA LOGGER.INFO: metodo=GET, URI=http%3A%2F%2Flocalhost%2FFull-API-REST-Skeleton%2Fpublic, RUTA=usuarios%2Fmostrar, autoridad=localhost [] {"uid":"33975e5"}
[2019-11-07 18:21:44] UTN FRA LOGGER.INFO: metodo=GET, URI=http%3A%2F%2Flocalhost%2FFull-API-REST-Skeleton%2Fpublic, RUTA=usuarios%2Fmostrar, autoridad=localhost [] {"uid":"4168811"}
[2019-11-07 18:26:23] UTN FRA LOGGER.INFO: metodo=GET, URI=http%3A%2F%2Flocalhost%2FFull-API-REST-Skeleton%2Fpublic, RUTA=usuarios%2Fmostrar, autoridad=localhost [] {"uid":"49fbe8c"}
[2019-11-07 18:27:24] UTN FRA LOGGER.INFO: metodo=GET, URI=http%3A%2F%2Flocalhost%2FFull-API-REST-Skeleton%2Fpublic, RUTA=usuarios%2Fmostrar, autoridad=localhost [] {"uid":"760b4fc"}
[2019-11-07 18:28:03] UTN FRA LOGGER.INFO: metodo=GET, URI=http%3A%2F%2Flocalhost%2FFull-API-REST-Skeleton%2Fpublic, RUTA=usuarios%2Fmostrar, autoridad=localhost [] {"uid":"4652c59"}
[2019-11-07 18:28:07] UTN FRA LOGGER.INFO: metodo=GET, URI=http%3A%2F%2Flocalhost%2FFull-API-REST-Skeleton%2Fpublic, RUTA=usuarios%2Fmostrar, autoridad=localhost [] {"uid":"89a52f0"}
[2019-11-07 18:28:59] UTN FRA LOGGER.INFO: metodo=GET, URI=http%3A%2F%2Flocalhost%2FFull-API-REST-Skeleton%2Fpublic, RUTA=usuarios%2Fmostrar, autoridad=localhost [] {"uid":"c5c2a29"}
[2019-11-07 18:31:51] UTN FRA LOGGER.INFO: metodo=GET, URI=http%3A%2F%2Flocalhost%2FFull-API-REST-Skeleton%2Fpublic, RUTA=usuarios%2Fmostrar, autoridad=localhost [] {"uid":"21041c3"}
[2019-11-07 18:32:24] UTN FRA LOGGER.INFO: metodo=GET, URI=http%3A%2F%2Flocalhost%2FFull-API-REST-Skeleton%2Fpublic, RUTA=usuarios%2Fmostrar, autoridad=localhost [] {"uid":"b209baf"}
[2019-11-07 18:59:53] UTN FRA LOGGER.INFO: metodo=GET, URI=http%3A%2F%2Flocalhost%2FFull-API-REST-Skeleton%2Fpublic, RUTA=JWT%2FcrearTokenAll, autoridad=localhost [] {"uid":"a07dcd4"}
[2019-11-07 19:01:16] UTN FRA LOGGER.INFO: metodo=GET, URI=http%3A%2F%2Flocalhost%2FFull-API-REST-Skeleton%2Fpublic, RUTA=JWT%2FcrearTokenAll, autoridad=localhost [] {"uid":"a62b3c4"}
[2019-11-07 19:02:46] UTN FRA LOGGER.INFO: metodo=GET, URI=http%3A%2F%2Flocalhost%2FFull-API-REST-Skeleton%2Fpublic, RUTA=JWT%2FcrearTokenAll, autoridad=localhost [] {"uid":"4864344"}
[2019-11-07 19:03:26] UTN FRA LOGGER.INFO: metodo=GET, URI=http%3A%2F%2Flocalhost%2FFull-API-REST-Skeleton%2Fpublic, RUTA=JWT%2FcrearTokenAll, autoridad=localhost [] {"uid":"ee2fceb"}
[2019-11-07 19:04:01] UTN FRA LOGGER.INFO: metodo=GET, URI=http%3A%2F%2Flocalhost%2FFull-API-REST-Skeleton%2Fpublic, RUTA=JWT%2FcrearTokenAll, autoridad=localhost [] {"uid":"c3e9195"}
[2019-11-07 19:49:39] UTN FRA LOGGER.INFO: metodo=POST, URI=http%3A%2F%2Flocalhost%2FFull-API-REST-Skeleton%2Fpublic, RUTA=JWT%2F, autoridad=localhost [] {"uid":"77aa2b0"}
[2019-11-07 20:21:36] UTN FRA LOGGER.INFO: metodo=POST, URI=http%3A%2F%2Flocalhost%2FFull-API-REST-Skeleton%2Fpublic, RUTA=usuarios%2Fbaja, autoridad=localhost [] {"uid":"9b94762"}
[2019-11-07 20:23:08] UTN FRA LOGGER.INFO: metodo=POST, URI=http%3A%2F%2Flocalhost%2FFull-API-REST-Skeleton%2Fpublic, RUTA=usuarios%2Fbaja, autoridad=localhost [] {"uid":"cb71813"}
[2019-11-07 20:23:38] UTN FRA LOGGER.INFO: metodo=POST, URI=http%3A%2F%2Flocalhost%2FFull-API-REST-Skeleton%2Fpublic, RUTA=usuarios%2Fbaja, autoridad=localhost [] {"uid":"6420368"}
[2019-11-07 20:23:49] UTN FRA LOGGER.INFO: metodo=POST, URI=http%3A%2F%2Flocalhost%2FFull-API-REST-Skeleton%2Fpublic, RUTA=usuarios%2Fbaja, autoridad=localhost [] {"uid":"900477a"}
[2019-11-07 20:24:54] UTN FRA LOGGER.INFO: metodo=POST, URI=http%3A%2F%2Flocalhost%2FFull-API-REST-Skeleton%2Fpublic, RUTA=usuarios%2Fbaja, autoridad=localhost [] {"uid":"4435763"}
[2019-11-07 20:27:30] UTN FRA LOGGER.INFO: metodo=POST, URI=http%3A%2F%2Flocalhost%2FFull-API-REST-Skeleton%2Fpublic, RUTA=usuarios%2Fbaja, autoridad=localhost [] {"uid":"18bb904"}
[2019-11-07 20:28:33] UTN FRA LOGGER.INFO: metodo=POST, URI=http%3A%2F%2Flocalhost%2FFull-API-REST-Skeleton%2Fpublic, RUTA=usuarios%2Fbaja, autoridad=localhost [] {"uid":"18ddcc0"}
[2019-11-07 20:29:06] UTN FRA LOGGER.INFO: metodo=POST, URI=http%3A%2F%2Flocalhost%2FFull-API-REST-Skeleton%2Fpublic, RUTA=usuarios%2Fbaja, autoridad=localhost [] {"uid":"befc2b8"}
[2019-11-07 20:29:24] UTN FRA LOGGER.INFO: metodo=POST, URI=http%3A%2F%2Flocalhost%2FFull-API-REST-Skeleton%2Fpublic, RUTA=usuarios%2Fbaja, autoridad=localhost [] {"uid":"66fb905"}
[2019-11-07 20:29:49] UTN FRA LOGGER.INFO: metodo=POST, URI=http%3A%2F%2Flocalhost%2FFull-API-REST-Skeleton%2Fpublic, RUTA=usuarios%2Fbaja, autoridad=localhost [] {"uid":"0cfb867"}
[2019-11-07 20:32:32] UTN FRA LOGGER.INFO: metodo=POST, URI=http%3A%2F%2Flocalhost%2FFull-API-REST-Skeleton%2Fpublic, RUTA=usuarios%2Fbaja, autoridad=localhost [] {"uid":"3b70596"}
[2019-11-07 20:33:36] UTN FRA LOGGER.INFO: metodo=POST, URI=http%3A%2F%2Flocalhost%2FFull-API-REST-Skeleton%2Fpublic, RUTA=usuarios%2Fbaja, autoridad=localhost [] {"uid":"04f6460"}
[2019-11-07 20:35:48] UTN FRA LOGGER.INFO: metodo=POST, URI=http%3A%2F%2Flocalhost%2FFull-API-REST-Skeleton%2Fpublic, RUTA=usuarios%2Fbaja, autoridad=localhost [] {"uid":"4616b39"}
[2019-11-07 20:39:37] UTN FRA LOGGER.INFO: metodo=GET, URI=http%3A%2F%2Flocalhost%2FFull-API-REST-Skeleton%2Fpublic, RUTA=usuarios%2Fmostrar, autoridad=localhost [] {"uid":"da23600"}
[2019-11-07 20:39:55] UTN FRA LOGGER.INFO: metodo=GET, URI=http%3A%2F%2Flocalhost%2FFull-API-REST-Skeleton%2Fpublic, RUTA=JWT%2FcrearTokenAll, autoridad=localhost [] {"uid":"46e3598"}
[2019-11-07 20:40:25] UTN FRA LOGGER.INFO: metodo=POST, URI=http%3A%2F%2Flocalhost%2FFull-API-REST-Skeleton%2Fpublic, RUTA=usuarios%2Fbaja, autoridad=localhost [] {"uid":"a89c7b6"}
[2019-11-07 20:45:56] UTN FRA LOGGER.INFO: metodo=POST, URI=http%3A%2F%2Flocalhost%2FFull-API-REST-Skeleton%2Fpublic, RUTA=usuarios%2Fbaja, autoridad=localhost [] {"uid":"a058ccb"}
[2019-11-07 20:47:12] UTN FRA LOGGER.INFO: metodo=POST, URI=http%3A%2F%2Flocalhost%2FFull-API-REST-Skeleton%2Fpublic, RUTA=usuarios%2Fbaja, autoridad=localhost [] {"uid":"cb4da3b"}
[2019-11-07 20:49:49] UTN FRA LOGGER.INFO: metodo=POST, URI=http%3A%2F%2Flocalhost%2FFull-API-REST-Skeleton%2Fpublic, RUTA=usuarios%2Fbaja, autoridad=localhost [] {"uid":"01a5795"}
[2019-11-07 20:52:59] UTN FRA LOGGER.INFO: metodo=POST, URI=http%3A%2F%2Flocalhost%2FFull-API-REST-Skeleton%2Fpublic, RUTA=usuarios%2Fbaja, autoridad=localhost [] {"uid":"9ec8ae4"}
[2019-11-12 00:03:52] UTN FRA LOGGER.INFO: metodo=POST, URI=http%3A%2F%2Flocalhost%2FFull-API-REST-Skeleton%2Fpublic, RUTA=productos%2Falta, autoridad=localhost [] {"uid":"404e7d5"}
[2019-11-12 00:04:47] UTN FRA LOGGER.INFO: metodo=POST, URI=http%3A%2F%2Flocalhost%2FFull-API-REST-Skeleton%2Fpublic, RUTA=productos%2Falta, autoridad=localhost [] {"uid":"aaa5f12"}
[2019-11-12 01:05:19] UTN FRA LOGGER.INFO: metodo=POST, URI=http%3A%2F%2Flocalhost%2FFull-API-REST-Skeleton%2Fpublic, RUTA=productos%2Falta, autoridad=localhost [] {"uid":"5877aef"}
[2019-11-12 01:06:28] UTN FRA LOGGER.INFO: metodo=POST, URI=http%3A%2F%2Flocalhost%2FFull-API-REST-Skeleton%2Fpublic, RUTA=productos%2Falta, autoridad=localhost [] {"uid":"bc176f0"}
[2019-11-12 01:07:17] UTN FRA LOGGER.INFO: metodo=POST, URI=http%3A%2F%2Flocalhost%2FFull-API-REST-Skeleton%2Fpublic, RUTA=productos%2Falta, autoridad=localhost [] {"uid":"af61f89"}
[2019-11-12 01:07:44] UTN FRA LOGGER.INFO: metodo=POST, URI=http%3A%2F%2Flocalhost%2FFull-API-REST-Skeleton%2Fpublic, RUTA=productos%2Falta, autoridad=localhost [] {"uid":"3377b32"}
[2019-11-12 01:08:05] UTN FRA LOGGER.INFO: metodo=POST, URI=http%3A%2F%2Flocalhost%2FFull-API-REST-Skeleton%2Fpublic, RUTA=productos%2Falta, autoridad=localhost [] {"uid":"322639c"}
[2019-11-12 01:13:02] UTN FRA LOGGER.INFO: metodo=POST, URI=http%3A%2F%2Flocalhost%2FFull-API-REST-Skeleton%2Fpublic, RUTA=productos%2Falta, autoridad=localhost [] {"uid":"7fe3802"}
[2019-11-12 01:13:31] UTN FRA LOGGER.INFO: metodo=POST, URI=http%3A%2F%2Flocalhost%2FFull-API-REST-Skeleton%2Fpublic, RUTA=productos%2Falta, autoridad=localhost [] {"uid":"dbb0fe7"}
[2019-11-12 01:23:09] UTN FRA LOGGER.INFO: metodo=POST, URI=http%3A%2F%2Flocalhost%2FFull-API-REST-Skeleton%2Fpublic, RUTA=productos%2Falta, autoridad=localhost [] {"uid":"6ee2186"}
[2019-11-12 01:23:51] UTN FRA LOGGER.INFO: metodo=POST, URI=http%3A%2F%2Flocalhost%2FFull-API-REST-Skeleton%2Fpublic, RUTA=productos%2Falta, autoridad=localhost [] {"uid":"d2ac133"}
[2019-11-12 01:24:21] UTN FRA LOGGER.INFO: metodo=POST, URI=http%3A%2F%2Flocalhost%2FFull-API-REST-Skeleton%2Fpublic, RUTA=productos%2Falta, autoridad=localhost [] {"uid":"17bcc2d"}
[2019-11-12 01:26:18] UTN FRA LOGGER.INFO: metodo=POST, URI=http%3A%2F%2Flocalhost%2FFull-API-REST-Skeleton%2Fpublic, RUTA=productos%2Falta, autoridad=localhost [] {"uid":"6a52023"}
[2019-11-12 01:27:27] UTN FRA LOGGER.INFO: metodo=POST, URI=http%3A%2F%2Flocalhost%2FFull-API-REST-Skeleton%2Fpublic, RUTA=productos%2Falta, autoridad=localhost [] {"uid":"3dd34d4"}
[2019-11-12 01:37:32] UTN FRA LOGGER.INFO: metodo=POST, URI=http%3A%2F%2Flocalhost%2FFull-API-REST-Skeleton%2Fpublic, RUTA=productos%2Falta, autoridad=localhost [] {"uid":"cd1169f"}
[2019-11-12 01:38:36] UTN FRA LOGGER.INFO: metodo=POST, URI=http%3A%2F%2Flocalhost%2FFull-API-REST-Skeleton%2Fpublic, RUTA=productos%2Falta, autoridad=localhost [] {"uid":"6801219"}
[2019-11-12 01:39:41] UTN FRA LOGGER.INFO: metodo=POST, URI=http%3A%2F%2Flocalhost%2FFull-API-REST-Skeleton%2Fpublic, RUTA=productos%2Falta, autoridad=localhost [] {"uid":"5995777"}
[2019-11-12 01:41:26] UTN FRA LOGGER.INFO: metodo=POST, URI=http%3A%2F%2Flocalhost%2FFull-API-REST-Skeleton%2Fpublic, RUTA=productos%2Falta, autoridad=localhost [] {"uid":"09b732b"}
[2019-11-12 01:43:22] UTN FRA LOGGER.INFO: metodo=POST, URI=http%3A%2F%2Flocalhost%2FFull-API-REST-Skeleton%2Fpublic, RUTA=productos%2Falta, autoridad=localhost [] {"uid":"da655b2"}
[2019-11-12 01:44:43] UTN FRA LOGGER.INFO: metodo=POST, URI=http%3A%2F%2Flocalhost%2FFull-API-REST-Skeleton%2Fpublic, RUTA=productos%2Falta, autoridad=localhost [] {"uid":"f526a44"}
[2019-11-12 01:44:59] UTN FRA LOGGER.INFO: metodo=POST, URI=http%3A%2F%2Flocalhost%2FFull-API-REST-Skeleton%2Fpublic, RUTA=productos%2Falta, autoridad=localhost [] {"uid":"4dcc1e2"}
[2019-11-12 01:45:39] UTN FRA LOGGER.INFO: metodo=POST, URI=http%3A%2F%2Flocalhost%2FFull-API-REST-Skeleton%2Fpublic, RUTA=productos%2Falta, autoridad=localhost [] {"uid":"cbf45ee"}
[2019-11-12 01:45:59] UTN FRA LOGGER.INFO: metodo=POST, URI=http%3A%2F%2Flocalhost%2FFull-API-REST-Skeleton%2Fpublic, RUTA=productos%2Falta, autoridad=localhost [] {"uid":"301382b"}
[2019-11-12 01:49:19] UTN FRA LOGGER.INFO: metodo=POST, URI=http%3A%2F%2Flocalhost%2FFull-API-REST-Skeleton%2Fpublic, RUTA=productos%2Falta, autoridad=localhost [] {"uid":"582e83e"}
[2019-11-12 01:49:44] UTN FRA LOGGER.INFO: metodo=POST, URI=http%3A%2F%2Flocalhost%2FFull-API-REST-Skeleton%2Fpublic, RUTA=productos%2Falta, autoridad=localhost [] {"uid":"8a9d0ab"}
[2019-11-12 01:50:11] UTN FRA LOGGER.INFO: metodo=POST, URI=http%3A%2F%2Flocalhost%2FFull-API-REST-Skeleton%2Fpublic, RUTA=productos%2Falta, autoridad=localhost [] {"uid":"c099749"}
[2019-11-12 01:51:24] UTN FRA LOGGER.INFO: metodo=POST, URI=http%3A%2F%2Flocalhost%2FFull-API-REST-Skeleton%2Fpublic, RUTA=productos%2Falta, autoridad=localhost [] {"uid":"46f2f08"}
[2019-11-12 01:52:24] UTN FRA LOGGER.INFO: metodo=POST, URI=http%3A%2F%2Flocalhost%2FFull-API-REST-Skeleton%2Fpublic, RUTA=productos%2Falta, autoridad=localhost [] {"uid":"20f839c"}
[2019-11-12 02:28:42] UTN FRA LOGGER.INFO: metodo=POST, URI=http%3A%2F%2Flocalhost%2FFull-API-REST-Skeleton%2Fpublic, RUTA=usuarios%2Fbaja, autoridad=localhost [] {"uid":"84e1087"}
[2019-11-12 02:30:08] UTN FRA LOGGER.INFO: metodo=POST, URI=http%3A%2F%2Flocalhost%2FFull-API-REST-Skeleton%2Fpublic, RUTA=usuarios%2Fbaja, autoridad=localhost [] {"uid":"2efa288"}
[2019-11-12 02:30:45] UTN FRA LOGGER.INFO: metodo=POST, URI=http%3A%2F%2Flocalhost%2FFull-API-REST-Skeleton%2Fpublic, RUTA=usuarios%2Fbaja, autoridad=localhost [] {"uid":"f907622"}
[2019-11-12 02:31:44] UTN FRA LOGGER.INFO: metodo=POST, URI=http%3A%2F%2Flocalhost%2FFull-API-REST-Skeleton%2Fpublic, RUTA=usuarios%2Fbaja, autoridad=localhost [] {"uid":"0b5c265"}
[2019-11-12 02:31:59] UTN FRA LOGGER.INFO: metodo=POST, URI=http%3A%2F%2Flocalhost%2FFull-API-REST-Skeleton%2Fpublic, RUTA=usuarios%2Fbaja, autoridad=localhost [] {"uid":"122a665"}
[2019-11-12 02:33:14] UTN FRA LOGGER.INFO: metodo=POST, URI=http%3A%2F%2Flocalhost%2FFull-API-REST-Skeleton%2Fpublic, RUTA=usuarios%2Fbaja, autoridad=localhost [] {"uid":"2901e25"}
[2019-11-12 02:36:27] UTN FRA LOGGER.INFO: metodo=POST, URI=http%3A%2F%2Flocalhost%2FFull-API-REST-Skeleton%2Fpublic, RUTA=usuarios%2Fbaja, autoridad=localhost [] {"uid":"acacaa4"}
[2019-11-12 02:36:45] UTN FRA LOGGER.INFO: metodo=POST, URI=http%3A%2F%2Flocalhost%2FFull-API-REST-Skeleton%2Fpublic, RUTA=usuarios%2Fbaja, autoridad=localhost [] {"uid":"c8012ab"}
[2019-11-12 02:36:59] UTN FRA LOGGER.INFO: metodo=POST, URI=http%3A%2F%2Flocalhost%2FFull-API-REST-Skeleton%2Fpublic, RUTA=usuarios%2Fbaja, autoridad=localhost [] {"uid":"106c97b"}
[2019-11-12 02:48:47] UTN FRA LOGGER.INFO: metodo=POST, URI=http%3A%2F%2Flocalhost%2FFull-API-REST-Skeleton%2Fpublic, RUTA=usuarios%2Faltas, autoridad=localhost [] {"uid":"05c2e68"}
[2019-11-12 02:49:56] UTN FRA LOGGER.INFO: metodo=POST, URI=http%3A%2F%2Flocalhost%2FFull-API-REST-Skeleton%2Fpublic, RUTA=usuarios%2Falta, autoridad=localhost [] {"uid":"070442f"}
[2019-11-12 02:50:26] UTN FRA LOGGER.INFO: metodo=POST, URI=http%3A%2F%2Flocalhost%2FFull-API-REST-Skeleton%2Fpublic, RUTA=usuarios%2Falta, autoridad=localhost [] {"uid":"c135dd3"}
[2019-11-12 02:50:52] UTN FRA LOGGER.INFO: metodo=POST, URI=http%3A%2F%2Flocalhost%2FFull-API-REST-Skeleton%2Fpublic, RUTA=usuarios%2Falta, autoridad=localhost [] {"uid":"2cd8ea0"}
[2019-11-12 02:53:32] UTN FRA LOGGER.INFO: metodo=POST, URI=http%3A%2F%2Flocalhost%2FFull-API-REST-Skeleton%2Fpublic, RUTA=usuarios%2Falta, autoridad=localhost [] {"uid":"4b795d5"}
[2019-11-12 02:53:59] UTN FRA LOGGER.INFO: metodo=POST, URI=http%3A%2F%2Flocalhost%2FFull-API-REST-Skeleton%2Fpublic, RUTA=usuarios%2Falta, autoridad=localhost [] {"uid":"65debd9"}
[2019-11-12 02:56:12] UTN FRA LOGGER.INFO: metodo=POST, URI=http%3A%2F%2Flocalhost%2FFull-API-REST-Skeleton%2Fpublic, RUTA=usuarios%2Falta, autoridad=localhost [] {"uid":"13ab18a"}
[2019-11-12 02:56:47] UTN FRA LOGGER.INFO: metodo=POST, URI=http%3A%2F%2Flocalhost%2FFull-API-REST-Skeleton%2Fpublic, RUTA=usuarios%2Falta, autoridad=localhost [] {"uid":"a6bd0fd"}
[2019-11-12 02:57:15] UTN FRA LOGGER.INFO: metodo=POST, URI=http%3A%2F%2Flocalhost%2FFull-API-REST-Skeleton%2Fpublic, RUTA=usuarios%2Falta, autoridad=localhost [] {"uid":"c9e78f3"}
[2019-11-12 02:57:48] UTN FRA LOGGER.INFO: metodo=POST, URI=http%3A%2F%2Flocalhost%2FFull-API-REST-Skeleton%2Fpublic, RUTA=usuarios%2Falta, autoridad=localhost [] {"uid":"a47b32a"}
[2019-11-12 02:58:25] UTN FRA LOGGER.INFO: metodo=POST, URI=http%3A%2F%2Flocalhost%2FFull-API-REST-Skeleton%2Fpublic, RUTA=usuarios%2Falta, autoridad=localhost [] {"uid":"23ed0f1"}
[2019-11-12 02:58:57] UTN FRA LOGGER.INFO: metodo=POST, URI=http%3A%2F%2Flocalhost%2FFull-API-REST-Skeleton%2Fpublic, RUTA=usuarios%2Falta, autoridad=localhost [] {"uid":"bde6af9"}
[2019-11-12 03:05:21] UTN FRA LOGGER.INFO: metodo=POST, URI=http%3A%2F%2Flocalhost%2FFull-API-REST-Skeleton%2Fpublic, RUTA=usuarios%2Falta, autoridad=localhost [] {"uid":"29e0d23"}
[2019-11-12 03:05:59] UTN FRA LOGGER.INFO: metodo=POST, URI=http%3A%2F%2Flocalhost%2FFull-API-REST-Skeleton%2Fpublic, RUTA=usuarios%2Falta, autoridad=localhost [] {"uid":"9d800c8"}
[2019-11-12 03:06:38] UTN FRA LOGGER.INFO: metodo=POST, URI=http%3A%2F%2Flocalhost%2FFull-API-REST-Skeleton%2Fpublic, RUTA=usuarios%2Falta, autoridad=localhost [] {"uid":"add7bff"}
[2019-11-12 03:06:57] UTN FRA LOGGER.INFO: metodo=POST, URI=http%3A%2F%2Flocalhost%2FFull-API-REST-Skeleton%2Fpublic, RUTA=usuarios%2Falta, autoridad=localhost [] {"uid":"542b4e0"}
[2019-11-12 03:07:27] UTN FRA LOGGER.INFO: metodo=POST, URI=http%3A%2F%2Flocalhost%2FFull-API-REST-Skeleton%2Fpublic, RUTA=usuarios%2Fbaja, autoridad=localhost [] {"uid":"dfab6d2"}
[2019-11-12 03:08:22] UTN FRA LOGGER.INFO: metodo=POST, URI=http%3A%2F%2Flocalhost%2FFull-API-REST-Skeleton%2Fpublic, RUTA=usuarios%2Fbaja, autoridad=localhost [] {"uid":"c6c4085"}
[2019-11-12 03:08:45] UTN FRA LOGGER.INFO: metodo=POST, URI=http%3A%2F%2Flocalhost%2FFull-API-REST-Skeleton%2Fpublic, RUTA=usuarios%2Fbaja, autoridad=localhost [] {"uid":"592b4a2"}
[2019-11-12 03:09:30] UTN FRA LOGGER.INFO: metodo=POST, URI=http%3A%2F%2Flocalhost%2FFull-API-REST-Skeleton%2Fpublic, RUTA=usuarios%2Fbaja, autoridad=localhost [] {"uid":"44b8445"}
[2019-11-12 03:09:51] UTN FRA LOGGER.INFO: metodo=POST, URI=http%3A%2F%2Flocalhost%2FFull-API-REST-Skeleton%2Fpublic, RUTA=usuarios%2Fbaja, autoridad=localhost [] {"uid":"b7854ce"}
[2019-11-12 03:10:07] UTN FRA LOGGER.INFO: metodo=POST, URI=http%3A%2F%2Flocalhost%2FFull-API-REST-Skeleton%2Fpublic, RUTA=usuarios%2Fbaja, autoridad=localhost [] {"uid":"6ce639c"}
[2019-11-12 03:10:47] UTN FRA LOGGER.INFO: metodo=POST, URI=http%3A%2F%2Flocalhost%2FFull-API-REST-Skeleton%2Fpublic, RUTA=usuarios%2Fbaja, autoridad=localhost [] {"uid":"174f30a"}
[2019-11-12 03:11:10] UTN FRA LOGGER.INFO: metodo=POST, URI=http%3A%2F%2Flocalhost%2FFull-API-REST-Skeleton%2Fpublic, RUTA=usuarios%2Fbaja, autoridad=localhost [] {"uid":"6d5ff26"}
[2019-11-12 03:11:23] UTN FRA LOGGER.INFO: metodo=POST, URI=http%3A%2F%2Flocalhost%2FFull-API-REST-Skeleton%2Fpublic, RUTA=usuarios%2Fbaja, autoridad=localhost [] {"uid":"263dc6d"}
[2019-11-12 03:12:47] UTN FRA LOGGER.INFO: metodo=POST, URI=http%3A%2F%2Flocalhost%2FFull-API-REST-Skeleton%2Fpublic, RUTA=usuarios%2Fbaja, autoridad=localhost [] {"uid":"96c5502"}
[2019-11-12 03:12:58] UTN FRA LOGGER.INFO: metodo=POST, URI=http%3A%2F%2Flocalhost%2FFull-API-REST-Skeleton%2Fpublic, RUTA=usuarios%2Fbaja, autoridad=localhost [] {"uid":"99c4c43"}
[2019-11-12 03:13:25] UTN FRA LOGGER.INFO: metodo=POST, URI=http%3A%2F%2Flocalhost%2FFull-API-REST-Skeleton%2Fpublic, RUTA=usuarios%2Fbaja, autoridad=localhost [] {"uid":"61cb529"}
[2019-11-12 03:13:57] UTN FRA LOGGER.INFO: metodo=POST, URI=http%3A%2F%2Flocalhost%2FFull-API-REST-Skeleton%2Fpublic, RUTA=usuarios%2Fbaja, autoridad=localhost [] {"uid":"1b49681"}
[2019-11-12 03:14:47] UTN FRA LOGGER.INFO: metodo=POST, URI=http%3A%2F%2Flocalhost%2FFull-API-REST-Skeleton%2Fpublic, RUTA=usuarios%2Fbaja, autoridad=localhost [] {"uid":"ce77a71"}
[2019-11-12 03:15:01] UTN FRA LOGGER.INFO: metodo=POST, URI=http%3A%2F%2Flocalhost%2FFull-API-REST-Skeleton%2Fpublic, RUTA=usuarios%2Fbaja, autoridad=localhost [] {"uid":"bb203a0"}
[2019-11-12 03:15:34] UTN FRA LOGGER.INFO: metodo=POST, URI=http%3A%2F%2Flocalhost%2FFull-API-REST-Skeleton%2Fpublic, RUTA=usuarios%2Fbaja, autoridad=localhost [] {"uid":"5f7a241"}
[2019-11-12 03:15:57] UTN FRA LOGGER.INFO: metodo=POST, URI=http%3A%2F%2Flocalhost%2FFull-API-REST-Skeleton%2Fpublic, RUTA=usuarios%2Fbaja, autoridad=localhost [] {"uid":"ccf5063"}
[2019-11-12 03:16:49] UTN FRA LOGGER.INFO: metodo=POST, URI=http%3A%2F%2Flocalhost%2FFull-API-REST-Skeleton%2Fpublic, RUTA=usuarios%2Fbaja, autoridad=localhost [] {"uid":"614da96"}
[2019-11-12 03:17:15] UTN FRA LOGGER.INFO: metodo=POST, URI=http%3A%2F%2Flocalhost%2FFull-API-REST-Skeleton%2Fpublic, RUTA=usuarios%2Fbaja, autoridad=localhost [] {"uid":"0f43b11"}
[2019-11-12 03:17:33] UTN FRA LOGGER.INFO: metodo=POST, URI=http%3A%2F%2Flocalhost%2FFull-API-REST-Skeleton%2Fpublic, RUTA=usuarios%2Fbaja, autoridad=localhost [] {"uid":"efeb7f3"}
[2019-11-12 03:22:15] UTN FRA LOGGER.INFO: metodo=POST, URI=http%3A%2F%2Flocalhost%2FFull-API-REST-Skeleton%2Fpublic, RUTA=usuarios%2Fbaja, autoridad=localhost [] {"uid":"0871bc0"}
[2019-11-12 03:22:59] UTN FRA LOGGER.INFO: metodo=POST, URI=http%3A%2F%2Flocalhost%2FFull-API-REST-Skeleton%2Fpublic, RUTA=usuarios%2Fbaja, autoridad=localhost [] {"uid":"ee0f95f"}
[2019-11-12 03:23:02] UTN FRA LOGGER.INFO: metodo=POST, URI=http%3A%2F%2Flocalhost%2FFull-API-REST-Skeleton%2Fpublic, RUTA=usuarios%2Fbaja, autoridad=localhost [] {"uid":"02dbd44"}
[2019-11-12 03:23:32] UTN FRA LOGGER.INFO: metodo=POST, URI=http%3A%2F%2Flocalhost%2FFull-API-REST-Skeleton%2Fpublic, RUTA=usuarios%2Fbaja, autoridad=localhost [] {"uid":"90d0802"}
[2019-11-12 03:24:15] UTN FRA LOGGER.INFO: metodo=POST, URI=http%3A%2F%2Flocalhost%2FFull-API-REST-Skeleton%2Fpublic, RUTA=usuarios%2Fbaja, autoridad=localhost [] {"uid":"b66740c"}
[2019-11-12 03:24:32] UTN FRA LOGGER.INFO: metodo=POST, URI=http%3A%2F%2Flocalhost%2FFull-API-REST-Skeleton%2Fpublic, RUTA=usuarios%2Fbaja, autoridad=localhost [] {"uid":"daa763f"}
[2019-11-12 03:25:21] UTN FRA LOGGER.INFO: metodo=POST, URI=http%3A%2F%2Flocalhost%2FFull-API-REST-Skeleton%2Fpublic, RUTA=usuarios%2Fbaja, autoridad=localhost [] {"uid":"27d797a"}
[2019-11-12 03:30:14] UTN FRA LOGGER.INFO: metodo=POST, URI=http%3A%2F%2Flocalhost%2FFull-API-REST-Skeleton%2Fpublic, RUTA=usuarios%2Fbaja, autoridad=localhost [] {"uid":"c37229b"}
[2019-11-12 03:30:30] UTN FRA LOGGER.INFO: metodo=POST, URI=http%3A%2F%2Flocalhost%2FFull-API-REST-Skeleton%2Fpublic, RUTA=usuarios%2Fbaja, autoridad=localhost [] {"uid":"b942c18"}
[2019-11-12 03:30:48] UTN FRA LOGGER.INFO: metodo=POST, URI=http%3A%2F%2Flocalhost%2FFull-API-REST-Skeleton%2Fpublic, RUTA=usuarios%2Fbaja, autoridad=localhost [] {"uid":"2ac944b"}
[2019-11-12 03:31:39] UTN FRA LOGGER.INFO: metodo=POST, URI=http%3A%2F%2Flocalhost%2FFull-API-REST-Skeleton%2Fpublic, RUTA=usuarios%2Fbaja, autoridad=localhost [] {"uid":"81dd104"}
[2019-11-12 03:32:18] UTN FRA LOGGER.INFO: metodo=POST, URI=http%3A%2F%2Flocalhost%2FFull-API-REST-Skeleton%2Fpublic, RUTA=usuarios%2Fbaja, autoridad=localhost [] {"uid":"56c1342"}
[2019-11-12 03:32:30] UTN FRA LOGGER.INFO: metodo=POST, URI=http%3A%2F%2Flocalhost%2FFull-API-REST-Skeleton%2Fpublic, RUTA=usuarios%2Fbaja, autoridad=localhost [] {"uid":"fc0e3d8"}
[2019-11-12 03:32:32] UTN FRA LOGGER.INFO: metodo=POST, URI=http%3A%2F%2Flocalhost%2FFull-API-REST-Skeleton%2Fpublic, RUTA=usuarios%2Fbaja, autoridad=localhost [] {"uid":"85d3c8c"}
[2019-11-12 03:32:35] UTN FRA LOGGER.INFO: metodo=POST, URI=http%3A%2F%2Flocalhost%2FFull-API-REST-Skeleton%2Fpublic, RUTA=usuarios%2Fbaja, autoridad=localhost [] {"uid":"5f4085c"}
[2019-11-12 03:32:48] UTN FRA LOGGER.INFO: metodo=POST, URI=http%3A%2F%2Flocalhost%2FFull-API-REST-Skeleton%2Fpublic, RUTA=usuarios%2Fbaja, autoridad=localhost [] {"uid":"ae5c3c3"}
[2019-11-12 03:32:52] UTN FRA LOGGER.INFO: metodo=POST, URI=http%3A%2F%2Flocalhost%2FFull-API-REST-Skeleton%2Fpublic, RUTA=usuarios%2Fbaja, autoridad=localhost [] {"uid":"ddfb820"}
[2019-11-12 03:33:37] UTN FRA LOGGER.INFO: metodo=POST, URI=http%3A%2F%2Flocalhost%2FFull-API-REST-Skeleton%2Fpublic, RUTA=usuarios%2Fbaja, autoridad=localhost [] {"uid":"047cb64"}
[2019-11-12 03:36:38] UTN FRA LOGGER.INFO: metodo=POST, URI=http%3A%2F%2Flocalhost%2FFull-API-REST-Skeleton%2Fpublic, RUTA=usuarios%2Fbaja, autoridad=localhost [] {"uid":"807806c"}
[2019-11-12 03:37:02] UTN FRA LOGGER.INFO: metodo=POST, URI=http%3A%2F%2Flocalhost%2FFull-API-REST-Skeleton%2Fpublic, RUTA=usuarios%2Fbaja, autoridad=localhost [] {"uid":"9906621"}
[2019-11-12 03:42:15] UTN FRA LOGGER.INFO: metodo=POST, URI=http%3A%2F%2Flocalhost%2FFull-API-REST-Skeleton%2Fpublic, RUTA=usuarios%2Falta, autoridad=localhost [] {"uid":"18ce164"}
[2019-11-12 03:43:54] UTN FRA LOGGER.INFO: metodo=POST, URI=http%3A%2F%2Flocalhost%2FFull-API-REST-Skeleton%2Fpublic, RUTA=usuarios%2Fmodificar, autoridad=localhost [] {"uid":"7e8d371"}
[2019-11-12 03:44:32] UTN FRA LOGGER.INFO: metodo=POST, URI=http%3A%2F%2Flocalhost%2FFull-API-REST-Skeleton%2Fpublic, RUTA=usuarios%2Fmodificar, autoridad=localhost [] {"uid":"794df7a"}
[2019-11-12 03:45:14] UTN FRA LOGGER.INFO: metodo=POST, URI=http%3A%2F%2Flocalhost%2FFull-API-REST-Skeleton%2Fpublic, RUTA=usuarios%2Fmodificar, autoridad=localhost [] {"uid":"6c7adaa"}
[2019-11-12 03:45:58] UTN FRA LOGGER.INFO: metodo=POST, URI=http%3A%2F%2Flocalhost%2FFull-API-REST-Skeleton%2Fpublic, RUTA=JWT%2F, autoridad=localhost [] {"uid":"9eb99d2"}
[2019-11-12 03:46:12] UTN FRA LOGGER.INFO: metodo=GET, URI=http%3A%2F%2Flocalhost%2FFull-API-REST-Skeleton%2Fpublic, RUTA=usuarios%2Fmostrar, autoridad=localhost [] {"uid":"5967a58"}
[2019-11-12 03:46:25] UTN FRA LOGGER.INFO: metodo=GET, URI=http%3A%2F%2Flocalhost%2FFull-API-REST-Skeleton%2Fpublic, RUTA=usuarios%2Fmostrar, autoridad=localhost [] {"uid":"c9dc2e3"}
[2019-11-12 03:46:39] UTN FRA LOGGER.INFO: metodo=GET, URI=http%3A%2F%2Flocalhost%2FFull-API-REST-Skeleton%2Fpublic, RUTA=usuarios%2Fmostrar, autoridad=localhost [] {"uid":"ae19df0"}
[2019-11-12 04:07:24] UTN FRA LOGGER.INFO: metodo=POST, URI=http%3A%2F%2Flocalhost%2FFull-API-REST-Skeleton%2Fpublic, RUTA=productos%2Falta, autoridad=localhost [] {"uid":"490b166"}
[2019-11-12 04:09:02] UTN FRA LOGGER.INFO: metodo=POST, URI=http%3A%2F%2Flocalhost%2FFull-API-REST-Skeleton%2Fpublic, RUTA=productos%2Fmodificar, autoridad=localhost [] {"uid":"495a22b"}
[2019-11-12 04:09:14] UTN FRA LOGGER.INFO: metodo=POST, URI=http%3A%2F%2Flocalhost%2FFull-API-REST-Skeleton%2Fpublic, RUTA=productos%2Fmodificar, autoridad=localhost [] {"uid":"c8a99b9"}
[2019-11-12 04:10:01] UTN FRA LOGGER.INFO: metodo=POST, URI=http%3A%2F%2Flocalhost%2FFull-API-REST-Skeleton%2Fpublic, RUTA=productos%2Fmodificar, autoridad=localhost [] {"uid":"afa73dc"}
[2019-11-12 04:10:54] UTN FRA LOGGER.INFO: metodo=POST, URI=http%3A%2F%2Flocalhost%2FFull-API-REST-Skeleton%2Fpublic, RUTA=productos%2Fmodificar, autoridad=localhost [] {"uid":"49e52fe"}
[2019-11-12 04:12:31] UTN FRA LOGGER.INFO: metodo=GET, URI=http%3A%2F%2Flocalhost%2FFull-API-REST-Skeleton%2Fpublic, RUTA=productos%2Fmostrar, autoridad=localhost [] {"uid":"4aec6d1"}
[2019-11-12 04:14:12] UTN FRA LOGGER.INFO: metodo=GET, URI=http%3A%2F%2Flocalhost%2FFull-API-REST-Skeleton%2Fpublic, RUTA=productos%2Fbaja, autoridad=localhost [] {"uid":"d3f6d9b"}
[2019-11-12 04:14:27] UTN FRA LOGGER.INFO: metodo=POST, URI=http%3A%2F%2Flocalhost%2FFull-API-REST-Skeleton%2Fpublic, RUTA=productos%2Fbaja, autoridad=localhost [] {"uid":"d2cdea3"}
[2019-11-12 04:14:32] UTN FRA LOGGER.INFO: metodo=POST, URI=http%3A%2F%2Flocalhost%2FFull-API-REST-Skeleton%2Fpublic, RUTA=productos%2Fbaja, autoridad=localhost [] {"uid":"545e819"}
[2019-11-12 04:16:40] UTN FRA LOGGER.INFO: metodo=POST, URI=http%3A%2F%2Flocalhost%2FFull-API-REST-Skeleton%2Fpublic, RUTA=productos%2Fbaja, autoridad=localhost [] {"uid":"50d3f7b"}
[2019-11-12 04:17:00] UTN FRA LOGGER.INFO: metodo=POST, URI=http%3A%2F%2Flocalhost%2FFull-API-REST-Skeleton%2Fpublic, RUTA=productos%2Fbaja, autoridad=localhost [] {"uid":"ec2dcc4"}
[2019-11-12 04:17:03] UTN FRA LOGGER.INFO: metodo=POST, URI=http%3A%2F%2Flocalhost%2FFull-API-REST-Skeleton%2Fpublic, RUTA=productos%2Fbaja, autoridad=localhost [] {"uid":"3a7bfd6"}
[2019-11-12 04:17:19] UTN FRA LOGGER.INFO: metodo=POST, URI=http%3A%2F%2Flocalhost%2FFull-API-REST-Skeleton%2Fpublic, RUTA=productos%2Fbaja, autoridad=localhost [] {"uid":"e359553"}
[2019-11-12 04:18:00] UTN FRA LOGGER.INFO: metodo=POST, URI=http%3A%2F%2Flocalhost%2FFull-API-REST-Skeleton%2Fpublic, RUTA=productos%2Fbaja, autoridad=localhost [] {"uid":"985b39a"}
[2019-11-12 04:18:12] UTN FRA LOGGER.INFO: metodo=POST, URI=http%3A%2F%2Flocalhost%2FFull-API-REST-Skeleton%2Fpublic, RUTA=productos%2Fbaja, autoridad=localhost [] {"uid":"9b66898"}
[2019-11-12 17:53:10] UTN FRA LOGGER.INFO: metodo=POST, URI=http%3A%2F%2Flocalhost%2FFull-API-REST-Skeleton%2Fpublic, RUTA=mesas%2Fmostrar, autoridad=localhost [] {"uid":"e89c160"}
[2019-11-12 17:53:28] UTN FRA LOGGER.INFO: metodo=POST, URI=http%3A%2F%2Flocalhost%2FFull-API-REST-Skeleton%2Fpublic, RUTA=mesas%2Fmostrar, autoridad=localhost [] {"uid":"ea89d8c"}
[2019-11-12 17:53:40] UTN FRA LOGGER.INFO: metodo=POST, URI=http%3A%2F%2Flocalhost%2FFull-API-REST-Skeleton%2Fpublic, RUTA=mesas%2Fmostrar, autoridad=localhost [] {"uid":"5d342fb"}
[2019-11-12 17:53:52] UTN FRA LOGGER.INFO: metodo=GET, URI=http%3A%2F%2Flocalhost%2FFull-API-REST-Skeleton%2Fpublic, RUTA=mesas%2Fmostrar, autoridad=localhost [] {"uid":"538d98f"}
[2019-11-12 17:55:27] UTN FRA LOGGER.INFO: metodo=GET, URI=http%3A%2F%2Flocalhost%2FFull-API-REST-Skeleton%2Fpublic, RUTA=mesas%2Fmostrar, autoridad=localhost [] {"uid":"2fbe27d"}
[2019-11-12 17:57:27] UTN FRA LOGGER.INFO: metodo=GET, URI=http%3A%2F%2Flocalhost%2FFull-API-REST-Skeleton%2Fpublic, RUTA=mesas%2Fmostrar, autoridad=localhost [] {"uid":"5ca4ac3"}
[2019-11-12 17:58:11] UTN FRA LOGGER.INFO: metodo=GET, URI=http%3A%2F%2Flocalhost%2FFull-API-REST-Skeleton%2Fpublic, RUTA=mesas%2Fmostrar, autoridad=localhost [] {"uid":"64eedcb"}
[2019-11-12 17:58:13] UTN FRA LOGGER.INFO: metodo=GET, URI=http%3A%2F%2Flocalhost%2FFull-API-REST-Skeleton%2Fpublic, RUTA=mesas%2Fmostrar, autoridad=localhost [] {"uid":"d54b8ab"}
[2019-11-12 17:58:43] UTN FRA LOGGER.INFO: metodo=GET, URI=http%3A%2F%2Flocalhost%2FFull-API-REST-Skeleton%2Fpublic, RUTA=mesas%2Fmostrar, autoridad=localhost [] {"uid":"f3f1a64"}
[2019-11-12 17:59:08] UTN FRA LOGGER.INFO: metodo=GET, URI=http%3A%2F%2Flocalhost%2FFull-API-REST-Skeleton%2Fpublic, RUTA=mesas%2Fmostrar, autoridad=localhost [] {"uid":"bbc5304"}
[2019-11-12 17:59:20] UTN FRA LOGGER.INFO: metodo=GET, URI=http%3A%2F%2Flocalhost%2FFull-API-REST-Skeleton%2Fpublic, RUTA=mesas%2Fmostrar, autoridad=localhost [] {"uid":"614f555"}
[2019-11-12 17:59:22] UTN FRA LOGGER.INFO: metodo=GET, URI=http%3A%2F%2Flocalhost%2FFull-API-REST-Skeleton%2Fpublic, RUTA=mesas%2Fmostrar, autoridad=localhost [] {"uid":"a4393ad"}
[2019-11-12 18:00:05] UTN FRA LOGGER.INFO: metodo=GET, URI=http%3A%2F%2Flocalhost%2FFull-API-REST-Skeleton%2Fpublic, RUTA=mesas%2Fmostrar, autoridad=localhost [] {"uid":"81ffe21"}
[2019-11-12 18:02:13] UTN FRA LOGGER.INFO: metodo=GET, URI=http%3A%2F%2Flocalhost%2FFull-API-REST-Skeleton%2Fpublic, RUTA=mesas%2Fmostrar, autoridad=localhost [] {"uid":"1e6c102"}
[2019-11-12 18:02:15] UTN FRA LOGGER.INFO: metodo=GET, URI=http%3A%2F%2Flocalhost%2FFull-API-REST-Skeleton%2Fpublic, RUTA=mesas%2Fmostrar, autoridad=localhost [] {"uid":"ed96a31"}
[2019-11-12 18:02:36] UTN FRA LOGGER.INFO: metodo=GET, URI=http%3A%2F%2Flocalhost%2FFull-API-REST-Skeleton%2Fpublic, RUTA=mesas%2Fmostrar, autoridad=localhost [] {"uid":"c3ee6b1"}
[2019-11-12 18:24:40] UTN FRA LOGGER.INFO: metodo=GET, URI=http%3A%2F%2Flocalhost%2FFull-API-REST-Skeleton%2Fpublic, RUTA=mesas%2Fmostrar, autoridad=localhost [] {"uid":"7161a93"}
[2019-11-12 18:24:51] UTN FRA LOGGER.INFO: metodo=GET, URI=http%3A%2F%2Flocalhost%2FFull-API-REST-Skeleton%2Fpublic, RUTA=mesas%2Fmostrar, autoridad=localhost [] {"uid":"c8c6db9"}
[2019-11-12 18:54:16] UTN FRA LOGGER.INFO: metodo=POST, URI=http%3A%2F%2Flocalhost%2FFull-API-REST-Skeleton%2Fpublic, RUTA=mesas%2Falta, autoridad=localhost [] {"uid":"a0a5f3e"}
[2019-11-12 18:55:27] UTN FRA LOGGER.INFO: metodo=POST, URI=http%3A%2F%2Flocalhost%2FFull-API-REST-Skeleton%2Fpublic, RUTA=mesas%2Falta, autoridad=localhost [] {"uid":"0907fd3"}
[2019-11-12 18:55:31] UTN FRA LOGGER.INFO: metodo=POST, URI=http%3A%2F%2Flocalhost%2FFull-API-REST-Skeleton%2Fpublic, RUTA=mesas%2Falta, autoridad=localhost [] {"uid":"1e4bb15"}
[2019-11-12 18:55:38] UTN FRA LOGGER.INFO: metodo=POST, URI=http%3A%2F%2Flocalhost%2FFull-API-REST-Skeleton%2Fpublic, RUTA=mesas%2Falta, autoridad=localhost [] {"uid":"d3bbfc0"}
[2019-11-12 18:55:54] UTN FRA LOGGER.INFO: metodo=POST, URI=http%3A%2F%2Flocalhost%2FFull-API-REST-Skeleton%2Fpublic, RUTA=mesas%2Falta, autoridad=localhost [] {"uid":"37ef57e"}
[2019-11-12 18:56:15] UTN FRA LOGGER.INFO: metodo=POST, URI=http%3A%2F%2Flocalhost%2FFull-API-REST-Skeleton%2Fpublic, RUTA=mesas%2Fbaja, autoridad=localhost [] {"uid":"95afec1"}
[2019-11-12 18:56:31] UTN FRA LOGGER.INFO: metodo=POST, URI=http%3A%2F%2Flocalhost%2FFull-API-REST-Skeleton%2Fpublic, RUTA=mesas%2Fbaja, autoridad=localhost [] {"uid":"d3dba6c"}
[2019-11-12 18:56:50] UTN FRA LOGGER.INFO: metodo=POST, URI=http%3A%2F%2Flocalhost%2FFull-API-REST-Skeleton%2Fpublic, RUTA=mesas%2Fbaja, autoridad=localhost [] {"uid":"0e24c58"}
[2019-11-12 18:57:32] UTN FRA LOGGER.INFO: metodo=POST, URI=http%3A%2F%2Flocalhost%2FFull-API-REST-Skeleton%2Fpublic, RUTA=mesas%2Fmodificar, autoridad=localhost [] {"uid":"84b26ed"}
[2019-11-12 18:57:45] UTN FRA LOGGER.INFO: metodo=POST, URI=http%3A%2F%2Flocalhost%2FFull-API-REST-Skeleton%2Fpublic, RUTA=mesas%2Fmodificar, autoridad=localhost [] {"uid":"9602a86"}
[2019-11-12 18:57:51] UTN FRA LOGGER.INFO: metodo=POST, URI=http%3A%2F%2Flocalhost%2FFull-API-REST-Skeleton%2Fpublic, RUTA=mesas%2Fmodificar, autoridad=localhost [] {"uid":"6e304e9"}
[2019-11-12 18:58:41] UTN FRA LOGGER.INFO: metodo=POST, URI=http%3A%2F%2Flocalhost%2FFull-API-REST-Skeleton%2Fpublic, RUTA=productos%2Falta, autoridad=localhost [] {"uid":"cf00980"}
[2019-11-12 18:59:07] UTN FRA LOGGER.INFO: metodo=POST, URI=http%3A%2F%2Flocalhost%2FFull-API-REST-Skeleton%2Fpublic, RUTA=productos%2Falta, autoridad=localhost [] {"uid":"3db565c"}
[2019-11-12 18:59:28] UTN FRA LOGGER.INFO: metodo=POST, URI=http%3A%2F%2Flocalhost%2FFull-API-REST-Skeleton%2Fpublic, RUTA=productos%2Falta, autoridad=localhost [] {"uid":"f5f4968"}
[2019-11-12 18:59:39] UTN FRA LOGGER.INFO: metodo=POST, URI=http%3A%2F%2Flocalhost%2FFull-API-REST-Skeleton%2Fpublic, RUTA=productos%2Falta, autoridad=localhost [] {"uid":"42bdf61"}
[2019-11-12 18:59:52] UTN FRA LOGGER.INFO: metodo=POST, URI=http%3A%2F%2Flocalhost%2FFull-API-REST-Skeleton%2Fpublic, RUTA=productos%2Falta, autoridad=localhost [] {"uid":"a620731"}
[2019-11-12 19:00:18] UTN FRA LOGGER.INFO: metodo=GET, URI=http%3A%2F%2Flocalhost%2FFull-API-REST-Skeleton%2Fpublic, RUTA=productos%2Fmostrar, autoridad=localhost [] {"uid":"383e07e"}
[2019-11-12 19:19:15] UTN FRA LOGGER.INFO: metodo=POST, URI=http%3A%2F%2Flocalhost%2FFull-API-REST-Skeleton%2Fpublic, RUTA=encuesta%2Falta, autoridad=localhost [] {"uid":"bd6928a"}
[2019-11-12 19:19:47] UTN FRA LOGGER.INFO: metodo=POST, URI=http%3A%2F%2Flocalhost%2FFull-API-REST-Skeleton%2Fpublic, RUTA=encuestas%2Falta, autoridad=localhost [] {"uid":"74f5838"}
[2019-11-12 19:20:34] UTN FRA LOGGER.INFO: metodo=POST, URI=http%3A%2F%2Flocalhost%2FFull-API-REST-Skeleton%2Fpublic, RUTA=encuestas%2Falta, autoridad=localhost [] {"uid":"f440a26"}
[2019-11-12 19:21:19] UTN FRA LOGGER.INFO: metodo=POST, URI=http%3A%2F%2Flocalhost%2FFull-API-REST-Skeleton%2Fpublic, RUTA=encuestas%2Falta, autoridad=localhost [] {"uid":"8a27b7f"}
[2019-11-12 19:25:03] UTN FRA LOGGER.INFO: metodo=POST, URI=http%3A%2F%2Flocalhost%2FFull-API-REST-Skeleton%2Fpublic, RUTA=encuestas%2Falta, autoridad=localhost [] {"uid":"9ce5b8b"}
[2019-11-12 19:25:15] UTN FRA LOGGER.INFO: metodo=POST, URI=http%3A%2F%2Flocalhost%2FFull-API-REST-Skeleton%2Fpublic, RUTA=encuestas%2Falta, autoridad=localhost [] {"uid":"72bf249"}
[2019-11-12 19:26:00] UTN FRA LOGGER.INFO: metodo=POST, URI=http%3A%2F%2Flocalhost%2FFull-API-REST-Skeleton%2Fpublic, RUTA=encuestas%2Falta, autoridad=localhost [] {"uid":"8b6a77e"}
[2019-11-12 19:26:12] UTN FRA LOGGER.INFO: metodo=POST, URI=http%3A%2F%2Flocalhost%2FFull-API-REST-Skeleton%2Fpublic, RUTA=encuestas%2Falta, autoridad=localhost [] {"uid":"5086256"}
[2019-11-12 19:26:22] UTN FRA LOGGER.INFO: metodo=POST, URI=http%3A%2F%2Flocalhost%2FFull-API-REST-Skeleton%2Fpublic, RUTA=encuestas%2Falta, autoridad=localhost [] {"uid":"aba7a33"}
[2019-11-12 19:26:46] UTN FRA LOGGER.INFO: metodo=POST, URI=http%3A%2F%2Flocalhost%2FFull-API-REST-Skeleton%2Fpublic, RUTA=encuestas%2Falta, autoridad=localhost [] {"uid":"f7c11b0"}
[2019-11-12 19:27:00] UTN FRA LOGGER.INFO: metodo=POST, URI=http%3A%2F%2Flocalhost%2FFull-API-REST-Skeleton%2Fpublic, RUTA=encuestas%2Falta, autoridad=localhost [] {"uid":"6134c31"}
[2019-11-12 19:27:22] UTN FRA LOGGER.INFO: metodo=POST, URI=http%3A%2F%2Flocalhost%2FFull-API-REST-Skeleton%2Fpublic, RUTA=encuestas%2Falta, autoridad=localhost [] {"uid":"bddf63d"}
[2019-11-12 19:46:09] UTN FRA LOGGER.INFO: metodo=POST, URI=http%3A%2F%2Flocalhost%2FFull-API-REST-Skeleton%2Fpublic, RUTA=login%2F, autoridad=localhost [] {"uid":"0faac3b"}
[2019-11-12 19:47:31] UTN FRA LOGGER.INFO: metodo=POST, URI=http%3A%2F%2Flocalhost%2FFull-API-REST-Skeleton%2Fpublic, RUTA=login%2F, autoridad=localhost [] {"uid":"fe540dd"}
[2019-11-12 19:47:38] UTN FRA LOGGER.INFO: metodo=POST, URI=http%3A%2F%2Flocalhost%2FFull-API-REST-Skeleton%2Fpublic, RUTA=login, autoridad=localhost [] {"uid":"8e996d6"}
[2019-11-12 19:47:56] UTN FRA LOGGER.INFO: metodo=GET, URI=http%3A%2F%2Flocalhost%2FFull-API-REST-Skeleton%2Fpublic, RUTA=login, autoridad=localhost [] {"uid":"2307fb6"}
[2019-11-12 19:47:56] UTN FRA LOGGER.INFO: Slim-Skeleton '/' route [] {"uid":"2307fb6"}
[2019-11-12 19:48:22] UTN FRA LOGGER.INFO: metodo=GET, URI=http%3A%2F%2Flocalhost%2FFull-API-REST-Skeleton%2Fpublic, RUTA=loginUsuarios%2F, autoridad=localhost [] {"uid":"0cd7954"}
[2019-11-12 19:48:29] UTN FRA LOGGER.INFO: metodo=POST, URI=http%3A%2F%2Flocalhost%2FFull-API-REST-Skeleton%2Fpublic, RUTA=loginUsuarios%2F, autoridad=localhost [] {"uid":"f5571a4"}
[2019-11-12 19:48:34] UTN FRA LOGGER.INFO: metodo=POST, URI=http%3A%2F%2Flocalhost%2FFull-API-REST-Skeleton%2Fpublic, RUTA=loginUsuarios, autoridad=localhost [] {"uid":"acd4361"}
[2019-11-12 19:49:15] UTN FRA LOGGER.INFO: metodo=POST, URI=http%3A%2F%2Flocalhost%2FFull-API-REST-Skeleton%2Fpublic, RUTA=login%2Flog, autoridad=localhost [] {"uid":"9e5e184"}
[2019-11-12 19:49:48] UTN FRA LOGGER.INFO: metodo=POST, URI=http%3A%2F%2Flocalhost%2FFull-API-REST-Skeleton%2Fpublic, RUTA=login%2Flog, autoridad=localhost [] {"uid":"57d9e52"}
[2019-11-12 19:51:38] UTN FRA LOGGER.INFO: metodo=POST, URI=http%3A%2F%2Flocalhost%2FFull-API-REST-Skeleton%2Fpublic, RUTA=login%2Flog, autoridad=localhost [] {"uid":"ce99164"}
[2019-11-12 19:52:39] UTN FRA LOGGER.INFO: metodo=POST, URI=http%3A%2F%2Flocalhost%2FFull-API-REST-Skeleton%2Fpublic, RUTA=login%2Flog, autoridad=localhost [] {"uid":"059f0b8"}
[2019-11-12 19:53:09] UTN FRA LOGGER.INFO: metodo=POST, URI=http%3A%2F%2Flocalhost%2FFull-API-REST-Skeleton%2Fpublic, RUTA=login%2Flog, autoridad=localhost [] {"uid":"e49bd34"}
[2019-11-12 19:53:10] UTN FRA LOGGER.INFO: metodo=POST, URI=http%3A%2F%2Flocalhost%2FFull-API-REST-Skeleton%2Fpublic, RUTA=login%2Flog, autoridad=localhost [] {"uid":"a6fe5ac"}
[2019-11-12 19:53:53] UTN FRA LOGGER.INFO: metodo=POST, URI=http%3A%2F%2Flocalhost%2FFull-API-REST-Skeleton%2Fpublic, RUTA=login%2Flog, autoridad=localhost [] {"uid":"762ba24"}
[2019-11-12 19:54:43] UTN FRA LOGGER.INFO: metodo=POST, URI=http%3A%2F%2Flocalhost%2FFull-API-REST-Skeleton%2Fpublic, RUTA=JWT%2F, autoridad=localhost [] {"uid":"76ef690"}
[2019-11-12 19:55:48] UTN FRA LOGGER.INFO: metodo=POST, URI=http%3A%2F%2Flocalhost%2FFull-API-REST-Skeleton%2Fpublic, RUTA=login%2Flog, autoridad=localhost [] {"uid":"06d3884"}
[2019-11-12 19:55:52] UTN FRA LOGGER.INFO: metodo=POST, URI=http%3A%2F%2Flocalhost%2FFull-API-REST-Skeleton%2Fpublic, RUTA=login%2Flog, autoridad=localhost [] {"uid":"1374c29"}
[2019-11-12 19:59:25] UTN FRA LOGGER.INFO: metodo=POST, URI=http%3A%2F%2Flocalhost%2FFull-API-REST-Skeleton%2Fpublic, RUTA=login%2Flog, autoridad=localhost [] {"uid":"ed9962d"}
[2019-11-12 20:00:22] UTN FRA LOGGER.INFO: metodo=POST, URI=http%3A%2F%2Flocalhost%2FFull-API-REST-Skeleton%2Fpublic, RUTA=login%2Flog, autoridad=localhost [] {"uid":"5d7bb90"}
[2019-11-12 20:00:31] UTN FRA LOGGER.INFO: metodo=POST, URI=http%3A%2F%2Flocalhost%2FFull-API-REST-Skeleton%2Fpublic, RUTA=login%2Flog, autoridad=localhost [] {"uid":"0ff6d4c"}
[2019-11-12 20:00:58] UTN FRA LOGGER.INFO: metodo=POST, URI=http%3A%2F%2Flocalhost%2FFull-API-REST-Skeleton%2Fpublic, RUTA=login%2Flog, autoridad=localhost [] {"uid":"d473fa2"}
[2019-11-12 20:01:20] UTN FRA LOGGER.INFO: metodo=POST, URI=http%3A%2F%2Flocalhost%2FFull-API-REST-Skeleton%2Fpublic, RUTA=login%2Flog, autoridad=localhost [] {"uid":"2cc732d"}
[2019-11-12 20:01:46] UTN FRA LOGGER.INFO: metodo=POST, URI=http%3A%2F%2Flocalhost%2FFull-API-REST-Skeleton%2Fpublic, RUTA=login%2Flog, autoridad=localhost [] {"uid":"6d8e1f2"}
[2019-11-12 20:55:40] UTN FRA LOGGER.INFO: metodo=POST, URI=http%3A%2F%2Flocalhost%2FFull-API-REST-Skeleton%2Fpublic, RUTA=login%2Flog, autoridad=localhost [] {"uid":"26de762"}
[2019-11-12 20:56:04] UTN FRA LOGGER.INFO: metodo=POST, URI=http%3A%2F%2Flocalhost%2FFull-API-REST-Skeleton%2Fpublic, RUTA=login%2Flog, autoridad=localhost [] {"uid":"6504126"}
[2019-11-12 20:58:00] UTN FRA LOGGER.INFO: metodo=POST, URI=http%3A%2F%2Flocalhost%2FFull-API-REST-Skeleton%2Fpublic, RUTA=login%2Flog, autoridad=localhost [] {"uid":"c00983c"}
[2019-11-12 20:58:07] UTN FRA LOGGER.INFO: metodo=POST, URI=http%3A%2F%2Flocalhost%2FFull-API-REST-Skeleton%2Fpublic, RUTA=login%2Flog, autoridad=localhost [] {"uid":"8060157"}
[2019-11-12 21:25:18] UTN FRA LOGGER.INFO: metodo=GET, URI=http%3A%2F%2Flocalhost%2FFull-API-REST-Skeleton%2Fpublic, RUTA=listados%2Fingresos, autoridad=localhost [] {"uid":"508d83d"}
[2019-11-12 21:25:29] UTN FRA LOGGER.INFO: metodo=GET, URI=http%3A%2F%2Flocalhost%2FFull-API-REST-Skeleton%2Fpublic, RUTA=listados%2Fingresos, autoridad=localhost [] {"uid":"3d05a8b"}
[2019-11-12 21:26:11] UTN FRA LOGGER.INFO: metodo=GET, URI=http%3A%2F%2Flocalhost%2FFull-API-REST-Skeleton%2Fpublic, RUTA=listados%2Fingresos, autoridad=localhost [] {"uid":"f485bda"}
[2019-11-12 21:26:13] UTN FRA LOGGER.INFO: metodo=GET, URI=http%3A%2F%2Flocalhost%2FFull-API-REST-Skeleton%2Fpublic, RUTA=listados%2Fingresos, autoridad=localhost [] {"uid":"f9e932a"}
[2019-11-12 21:26:27] UTN FRA LOGGER.INFO: metodo=GET, URI=http%3A%2F%2Flocalhost%2FFull-API-REST-Skeleton%2Fpublic, RUTA=listados%2Fingresos, autoridad=localhost [] {"uid":"1cc15d6"}
[2019-11-12 21:26:44] UTN FRA LOGGER.INFO: metodo=GET, URI=http%3A%2F%2Flocalhost%2FFull-API-REST-Skeleton%2Fpublic, RUTA=listados%2Fingresos, autoridad=localhost [] {"uid":"4bc284b"}
